指标:

Test accuracy for ΔTSV-1（温度）:
Bagging-nest20-r3224145:  {'MSE': '0.0591', 'RMSE': '0.2431', 'MAE': '0.1586', 'R2': '0.9102', 'train_r2': '0.9753'}
Bagging-nest20-r2219180:  {'MSE': '0.0566', 'RMSE': '0.2379', 'MAE': '0.1555', 'R2': '0.9140', 'train_r2': '0.9753'}
Bagging-nest20-r2877046:  {'MSE': '0.0598', 'RMSE': '0.2445', 'MAE': '0.1602', 'R2': '0.9091', 'train_r2': '0.9790'}
Bagging-nest20-r6473951:  {'MSE': '0.0686', 'RMSE': '0.2620', 'MAE': '0.1773', 'R2': '0.8957', 'train_r2': '0.9738'}
Bagging-nest20-r9689446:  {'MSE': '0.0530', 'RMSE': '0.2302', 'MAE': '0.1570', 'R2': '0.9194', 'train_r2': '0.9808'}
Bagging-nest20-r7215520:  {'MSE': '0.0516', 'RMSE': '0.2272', 'MAE': '0.1453', 'R2': '0.9215', 'train_r2': '0.9771'}
Bagging-nest20-r2541915:  {'MSE': '0.0564', 'RMSE': '0.2376', 'MAE': '0.1414', 'R2': '0.9142', 'train_r2': '0.9778'}
Bagging-nest20-r2709273:  {'MSE': '0.0576', 'RMSE': '0.2400', 'MAE': '0.1562', 'R2': '0.9125', 'train_r2': '0.9776'}
Bagging-nest20-r7370680:  {'MSE': '0.0694', 'RMSE': '0.2634', 'MAE': '0.1750', 'R2': '0.8946', 'train_r2': '0.9699'}
Bagging-nest20-r3993601:  {'MSE': '0.0752', 'RMSE': '0.2743', 'MAE': '0.1750', 'R2': '0.8857', 'train_r2': '0.9776'}
Bagging-nest20-r1711324:  {'MSE': '0.0471', 'RMSE': '0.2171', 'MAE': '0.1383', 'R2': '0.9283', 'train_r2': '0.9783'}
Bagging-nest20-r6088244:  {'MSE': '0.0680', 'RMSE': '0.2607', 'MAE': '0.1531', 'R2': '0.8967', 'train_r2': '0.9794'}
Bagging-nest20-r2839039:  {'MSE': '0.0707', 'RMSE': '0.2659', 'MAE': '0.1734', 'R2': '0.8925', 'train_r2': '0.9775'}
Bagging-nest20-r7038062:  {'MSE': '0.0634', 'RMSE': '0.2519', 'MAE': '0.1594', 'R2': '0.9036', 'train_r2': '0.9755'}
Bagging-nest20-r8967244:  {'MSE': '0.0546', 'RMSE': '0.2336', 'MAE': '0.1430', 'R2': '0.9171', 'train_r2': '0.9785'}
Bagging-nest20-r2689109:  {'MSE': '0.0672', 'RMSE': '0.2593', 'MAE': '0.1680', 'R2': '0.8978', 'train_r2': '0.9780'}
Bagging-nest20-r7245556:  {'MSE': '0.0628', 'RMSE': '0.2506', 'MAE': '0.1672', 'R2': '0.9045', 'train_r2': '0.9779'}
Bagging-nest20-r78001:  {'MSE': '0.0624', 'RMSE': '0.2498', 'MAE': '0.1703', 'R2': '0.9051', 'train_r2': '0.9782'}
Bagging-nest20-r7909478:  {'MSE': '0.0545', 'RMSE': '0.2335', 'MAE': '0.1578', 'R2': '0.9171', 'train_r2': '0.9817'}
Bagging-nest20-r7893526:  {'MSE': '0.0586', 'RMSE': '0.2421', 'MAE': '0.1594', 'R2': '0.9109', 'train_r2': '0.9783'}
Bagging-nest50-r8287556:  {'MSE': '0.0499', 'RMSE': '0.2233', 'MAE': '0.1450', 'R2': '0.9242', 'train_r2': '0.9808'}
Bagging-nest50-r6807938:  {'MSE': '0.0464', 'RMSE': '0.2153', 'MAE': '0.1422', 'R2': '0.9295', 'train_r2': '0.9815'}
Bagging-nest50-r7717534:  {'MSE': '0.0538', 'RMSE': '0.2319', 'MAE': '0.1591', 'R2': '0.9183', 'train_r2': '0.9806'}
Bagging-nest50-r4310416:  {'MSE': '0.0603', 'RMSE': '0.2455', 'MAE': '0.1622', 'R2': '0.9084', 'train_r2': '0.9819'}
Bagging-nest50-r1964582:  {'MSE': '0.0524', 'RMSE': '0.2289', 'MAE': '0.1509', 'R2': '0.9204', 'train_r2': '0.9800'}
Bagging-nest50-r2784216:  {'MSE': '0.0595', 'RMSE': '0.2440', 'MAE': '0.1606', 'R2': '0.9095', 'train_r2': '0.9799'}
Bagging-nest50-r9924067:  {'MSE': '0.0610', 'RMSE': '0.2470', 'MAE': '0.1606', 'R2': '0.9073', 'train_r2': '0.9823'}
Bagging-nest50-r4482591:  {'MSE': '0.0499', 'RMSE': '0.2234', 'MAE': '0.1512', 'R2': '0.9241', 'train_r2': '0.9828'}
Bagging-nest50-r4332889:  {'MSE': '0.0570', 'RMSE': '0.2387', 'MAE': '0.1519', 'R2': '0.9134', 'train_r2': '0.9817'}
Bagging-nest50-r2319715:  {'MSE': '0.0557', 'RMSE': '0.2360', 'MAE': '0.1606', 'R2': '0.9153', 'train_r2': '0.9806'}
Bagging-nest50-r8641989:  {'MSE': '0.0471', 'RMSE': '0.2169', 'MAE': '0.1413', 'R2': '0.9285', 'train_r2': '0.9798'}
Bagging-nest50-r8916341:  {'MSE': '0.0536', 'RMSE': '0.2314', 'MAE': '0.1512', 'R2': '0.9186', 'train_r2': '0.9811'}
Bagging-nest50-r3445955:  {'MSE': '0.0588', 'RMSE': '0.2424', 'MAE': '0.1584', 'R2': '0.9107', 'train_r2': '0.9820'}
Bagging-nest50-r4024588:  {'MSE': '0.0517', 'RMSE': '0.2273', 'MAE': '0.1478', 'R2': '0.9215', 'train_r2': '0.9810'}
Bagging-nest50-r105889:  {'MSE': '0.0493', 'RMSE': '0.2221', 'MAE': '0.1459', 'R2': '0.9250', 'train_r2': '0.9788'}
Bagging-nest50-r4503183:  {'MSE': '0.0538', 'RMSE': '0.2319', 'MAE': '0.1494', 'R2': '0.9182', 'train_r2': '0.9838'}
Bagging-nest50-r4211323:  {'MSE': '0.0540', 'RMSE': '0.2323', 'MAE': '0.1519', 'R2': '0.9180', 'train_r2': '0.9813'}
Bagging-nest50-r7395584:  {'MSE': '0.0577', 'RMSE': '0.2403', 'MAE': '0.1588', 'R2': '0.9122', 'train_r2': '0.9798'}
Bagging-nest50-r1444661:  {'MSE': '0.0446', 'RMSE': '0.2112', 'MAE': '0.1309', 'R2': '0.9322', 'train_r2': '0.9811'}
Bagging-nest50-r7912003:  {'MSE': '0.0534', 'RMSE': '0.2312', 'MAE': '0.1378', 'R2': '0.9188', 'train_r2': '0.9816'}
Bagging-nest100-r1039785:  {'MSE': '0.0513', 'RMSE': '0.2266', 'MAE': '0.1503', 'R2': '0.9220', 'train_r2': '0.9826'}
Bagging-nest100-r682093:  {'MSE': '0.0441', 'RMSE': '0.2100', 'MAE': '0.1420', 'R2': '0.9330', 'train_r2': '0.9835'}
Bagging-nest100-r4949646:  {'MSE': '0.0469', 'RMSE': '0.2166', 'MAE': '0.1398', 'R2': '0.9287', 'train_r2': '0.9817'}
Bagging-nest100-r2104990:  {'MSE': '0.0523', 'RMSE': '0.2286', 'MAE': '0.1578', 'R2': '0.9206', 'train_r2': '0.9824'}
Bagging-nest100-r8518521:  {'MSE': '0.0510', 'RMSE': '0.2258', 'MAE': '0.1464', 'R2': '0.9225', 'train_r2': '0.9818'}
Bagging-nest100-r4436548:  {'MSE': '0.0553', 'RMSE': '0.2351', 'MAE': '0.1580', 'R2': '0.9160', 'train_r2': '0.9830'}
Bagging-nest100-r7165020:  {'MSE': '0.0549', 'RMSE': '0.2344', 'MAE': '0.1573', 'R2': '0.9165', 'train_r2': '0.9822'}
Bagging-nest100-r3903323:  {'MSE': '0.0480', 'RMSE': '0.2191', 'MAE': '0.1386', 'R2': '0.9270', 'train_r2': '0.9835'}
Bagging-nest100-r9883689:  {'MSE': '0.0491', 'RMSE': '0.2216', 'MAE': '0.1459', 'R2': '0.9253', 'train_r2': '0.9825'}
Bagging-nest100-r6938440:  {'MSE': '0.0607', 'RMSE': '0.2464', 'MAE': '0.1587', 'R2': '0.9077', 'train_r2': '0.9833'}
Bagging-nest100-r7167901:  {'MSE': '0.0520', 'RMSE': '0.2280', 'MAE': '0.1511', 'R2': '0.9210', 'train_r2': '0.9821'}
Bagging-nest100-r3789200:  {'MSE': '0.0526', 'RMSE': '0.2294', 'MAE': '0.1497', 'R2': '0.9200', 'train_r2': '0.9816'}
Bagging-nest100-r8386907:  {'MSE': '0.0538', 'RMSE': '0.2319', 'MAE': '0.1545', 'R2': '0.9183', 'train_r2': '0.9824'}
Bagging-nest100-r9159268:  {'MSE': '0.0553', 'RMSE': '0.2352', 'MAE': '0.1555', 'R2': '0.9159', 'train_r2': '0.9826'}
Bagging-nest100-r6289098:  {'MSE': '0.0475', 'RMSE': '0.2181', 'MAE': '0.1431', 'R2': '0.9277', 'train_r2': '0.9829'}
Bagging-nest100-r2867297:  {'MSE': '0.0519', 'RMSE': '0.2279', 'MAE': '0.1500', 'R2': '0.9211', 'train_r2': '0.9827'}
Bagging-nest100-r5831012:  {'MSE': '0.0592', 'RMSE': '0.2433', 'MAE': '0.1583', 'R2': '0.9100', 'train_r2': '0.9828'}
Bagging-nest100-r3370798:  {'MSE': '0.0441', 'RMSE': '0.2101', 'MAE': '0.1400', 'R2': '0.9329', 'train_r2': '0.9827'}
Bagging-nest100-r6132022:  {'MSE': '0.0500', 'RMSE': '0.2236', 'MAE': '0.1459', 'R2': '0.9240', 'train_r2': '0.9829'}
Bagging-nest100-r1602259:  {'MSE': '0.0621', 'RMSE': '0.2492', 'MAE': '0.1653', 'R2': '0.9056', 'train_r2': '0.9814'}
Bagging-nest200-r2960974:  {'MSE': '0.0559', 'RMSE': '0.2364', 'MAE': '0.1539', 'R2': '0.9151', 'train_r2': '0.9827'}
Bagging-nest200-r9819812:  {'MSE': '0.0506', 'RMSE': '0.2249', 'MAE': '0.1467', 'R2': '0.9231', 'train_r2': '0.9834'}
Bagging-nest200-r4209056:  {'MSE': '0.0562', 'RMSE': '0.2372', 'MAE': '0.1524', 'R2': '0.9145', 'train_r2': '0.9834'}
Bagging-nest200-r9328410:  {'MSE': '0.0529', 'RMSE': '0.2299', 'MAE': '0.1488', 'R2': '0.9197', 'train_r2': '0.9839'}
Bagging-nest200-r1751400:  {'MSE': '0.0534', 'RMSE': '0.2311', 'MAE': '0.1541', 'R2': '0.9188', 'train_r2': '0.9829'}
Bagging-nest200-r2516044:  {'MSE': '0.0481', 'RMSE': '0.2193', 'MAE': '0.1482', 'R2': '0.9269', 'train_r2': '0.9832'}
Bagging-nest200-r5893382:  {'MSE': '0.0490', 'RMSE': '0.2213', 'MAE': '0.1431', 'R2': '0.9256', 'train_r2': '0.9836'}
Bagging-nest200-r4630832:  {'MSE': '0.0444', 'RMSE': '0.2107', 'MAE': '0.1432', 'R2': '0.9325', 'train_r2': '0.9834'}
Bagging-nest200-r1272886:  {'MSE': '0.0501', 'RMSE': '0.2238', 'MAE': '0.1452', 'R2': '0.9239', 'train_r2': '0.9839'}
Bagging-nest200-r2091564:  {'MSE': '0.0476', 'RMSE': '0.2182', 'MAE': '0.1426', 'R2': '0.9276', 'train_r2': '0.9837'}
Bagging-nest200-r3197735:  {'MSE': '0.0504', 'RMSE': '0.2244', 'MAE': '0.1471', 'R2': '0.9235', 'train_r2': '0.9835'}
Bagging-nest200-r6183592:  {'MSE': '0.0512', 'RMSE': '0.2262', 'MAE': '0.1483', 'R2': '0.9222', 'train_r2': '0.9842'}
Bagging-nest200-r7799235:  {'MSE': '0.0496', 'RMSE': '0.2227', 'MAE': '0.1456', 'R2': '0.9246', 'train_r2': '0.9835'}
Bagging-nest200-r1289414:  {'MSE': '0.0489', 'RMSE': '0.2212', 'MAE': '0.1468', 'R2': '0.9256', 'train_r2': '0.9830'}
Bagging-nest200-r7069265:  {'MSE': '0.0512', 'RMSE': '0.2264', 'MAE': '0.1489', 'R2': '0.9221', 'train_r2': '0.9834'}
Bagging-nest200-r1906396:  {'MSE': '0.0585', 'RMSE': '0.2418', 'MAE': '0.1603', 'R2': '0.9111', 'train_r2': '0.9832'}
Bagging-nest200-r1746775:  {'MSE': '0.0506', 'RMSE': '0.2250', 'MAE': '0.1506', 'R2': '0.9230', 'train_r2': '0.9829'}
Bagging-nest200-r7459676:  {'MSE': '0.0554', 'RMSE': '0.2354', 'MAE': '0.1527', 'R2': '0.9158', 'train_r2': '0.9833'}
Bagging-nest200-r5363984:  {'MSE': '0.0537', 'RMSE': '0.2318', 'MAE': '0.1543', 'R2': '0.9183', 'train_r2': '0.9836'}
Bagging-nest200-r3124443:  {'MSE': '0.0473', 'RMSE': '0.2174', 'MAE': '0.1455', 'R2': '0.9282', 'train_r2': '0.9836'}
Bagging-nest300-r2182787:  {'MSE': '0.0533', 'RMSE': '0.2308', 'MAE': '0.1490', 'R2': '0.9190', 'train_r2': '0.9841'}
Bagging-nest300-r4427159:  {'MSE': '0.0516', 'RMSE': '0.2273', 'MAE': '0.1534', 'R2': '0.9215', 'train_r2': '0.9833'}
Bagging-nest300-r5301839:  {'MSE': '0.0506', 'RMSE': '0.2248', 'MAE': '0.1489', 'R2': '0.9232', 'train_r2': '0.9834'}
Bagging-nest300-r6502799:  {'MSE': '0.0489', 'RMSE': '0.2210', 'MAE': '0.1462', 'R2': '0.9257', 'train_r2': '0.9838'}
Bagging-nest300-r3669229:  {'MSE': '0.0478', 'RMSE': '0.2186', 'MAE': '0.1421', 'R2': '0.9274', 'train_r2': '0.9838'}
Bagging-nest300-r7160480:  {'MSE': '0.0514', 'RMSE': '0.2267', 'MAE': '0.1491', 'R2': '0.9219', 'train_r2': '0.9839'}
Bagging-nest300-r707202:  {'MSE': '0.0520', 'RMSE': '0.2280', 'MAE': '0.1518', 'R2': '0.9210', 'train_r2': '0.9834'}
Bagging-nest300-r1400324:  {'MSE': '0.0525', 'RMSE': '0.2292', 'MAE': '0.1499', 'R2': '0.9201', 'train_r2': '0.9828'}
Bagging-nest300-r516029:  {'MSE': '0.0555', 'RMSE': '0.2356', 'MAE': '0.1528', 'R2': '0.9156', 'train_r2': '0.9841'}
Bagging-nest300-r772298:  {'MSE': '0.0508', 'RMSE': '0.2255', 'MAE': '0.1484', 'R2': '0.9227', 'train_r2': '0.9833'}
Bagging-nest300-r7811751:  {'MSE': '0.0519', 'RMSE': '0.2279', 'MAE': '0.1517', 'R2': '0.9211', 'train_r2': '0.9841'}
Bagging-nest300-r5335338:  {'MSE': '0.0502', 'RMSE': '0.2240', 'MAE': '0.1473', 'R2': '0.9237', 'train_r2': '0.9840'}
Bagging-nest300-r2234736:  {'MSE': '0.0523', 'RMSE': '0.2286', 'MAE': '0.1530', 'R2': '0.9206', 'train_r2': '0.9836'}
Bagging-nest300-r7732745:  {'MSE': '0.0485', 'RMSE': '0.2203', 'MAE': '0.1442', 'R2': '0.9262', 'train_r2': '0.9829'}
Bagging-nest300-r999517:  {'MSE': '0.0530', 'RMSE': '0.2301', 'MAE': '0.1507', 'R2': '0.9195', 'train_r2': '0.9828'}
Bagging-nest300-r9902705:  {'MSE': '0.0517', 'RMSE': '0.2274', 'MAE': '0.1486', 'R2': '0.9214', 'train_r2': '0.9835'}
Bagging-nest300-r3230154:  {'MSE': '0.0507', 'RMSE': '0.2251', 'MAE': '0.1490', 'R2': '0.9230', 'train_r2': '0.9835'}
Bagging-nest300-r5317322:  {'MSE': '0.0487', 'RMSE': '0.2208', 'MAE': '0.1492', 'R2': '0.9259', 'train_r2': '0.9835'}
Bagging-nest300-r8344760:  {'MSE': '0.0515', 'RMSE': '0.2269', 'MAE': '0.1500', 'R2': '0.9217', 'train_r2': '0.9833'}
Bagging-nest300-r2029764:  {'MSE': '0.0504', 'RMSE': '0.2246', 'MAE': '0.1472', 'R2': '0.9234', 'train_r2': '0.9848'}
Bagging-nest500-r8243794:  {'MSE': '0.0506', 'RMSE': '0.2250', 'MAE': '0.1485', 'R2': '0.9231', 'train_r2': '0.9842'}
Bagging-nest500-r9790020:  {'MSE': '0.0536', 'RMSE': '0.2316', 'MAE': '0.1502', 'R2': '0.9185', 'train_r2': '0.9838'}
Bagging-nest500-r4022672:  {'MSE': '0.0495', 'RMSE': '0.2225', 'MAE': '0.1462', 'R2': '0.9248', 'train_r2': '0.9838'}
Bagging-nest500-r9996130:  {'MSE': '0.0504', 'RMSE': '0.2245', 'MAE': '0.1503', 'R2': '0.9234', 'train_r2': '0.9833'}
Bagging-nest500-r9502764:  {'MSE': '0.0493', 'RMSE': '0.2220', 'MAE': '0.1477', 'R2': '0.9251', 'train_r2': '0.9840'}
Bagging-nest500-r4078837:  {'MSE': '0.0491', 'RMSE': '0.2215', 'MAE': '0.1458', 'R2': '0.9254', 'train_r2': '0.9834'}
Bagging-nest500-r5096208:  {'MSE': '0.0500', 'RMSE': '0.2235', 'MAE': '0.1489', 'R2': '0.9241', 'train_r2': '0.9830'}
Bagging-nest500-r5753622:  {'MSE': '0.0529', 'RMSE': '0.2300', 'MAE': '0.1526', 'R2': '0.9196', 'train_r2': '0.9840'}
Bagging-nest500-r9686535:  {'MSE': '0.0507', 'RMSE': '0.2251', 'MAE': '0.1466', 'R2': '0.9230', 'train_r2': '0.9834'}
Bagging-nest500-r9524630:  {'MSE': '0.0522', 'RMSE': '0.2286', 'MAE': '0.1519', 'R2': '0.9206', 'train_r2': '0.9834'}
Bagging-nest500-r1077328:  {'MSE': '0.0503', 'RMSE': '0.2244', 'MAE': '0.1498', 'R2': '0.9235', 'train_r2': '0.9839'}
Bagging-nest500-r9645124:  {'MSE': '0.0501', 'RMSE': '0.2238', 'MAE': '0.1468', 'R2': '0.9238', 'train_r2': '0.9845'}
Bagging-nest500-r84550:  {'MSE': '0.0507', 'RMSE': '0.2252', 'MAE': '0.1494', 'R2': '0.9229', 'train_r2': '0.9830'}
Bagging-nest500-r1235389:  {'MSE': '0.0503', 'RMSE': '0.2243', 'MAE': '0.1473', 'R2': '0.9236', 'train_r2': '0.9833'}
Bagging-nest500-r2648514:  {'MSE': '0.0519', 'RMSE': '0.2277', 'MAE': '0.1488', 'R2': '0.9212', 'train_r2': '0.9838'}
Bagging-nest500-r3392374:  {'MSE': '0.0532', 'RMSE': '0.2306', 'MAE': '0.1507', 'R2': '0.9192', 'train_r2': '0.9828'}
Bagging-nest500-r5088845:  {'MSE': '0.0502', 'RMSE': '0.2240', 'MAE': '0.1485', 'R2': '0.9237', 'train_r2': '0.9836'}
Bagging-nest500-r2823619:  {'MSE': '0.0533', 'RMSE': '0.2308', 'MAE': '0.1519', 'R2': '0.9190', 'train_r2': '0.9837'}
Bagging-nest500-r1573406:  {'MSE': '0.0500', 'RMSE': '0.2235', 'MAE': '0.1480', 'R2': '0.9241', 'train_r2': '0.9834'}
Bagging-nest500-r2002080:  {'MSE': '0.0531', 'RMSE': '0.2304', 'MAE': '0.1497', 'R2': '0.9193', 'train_r2': '0.9838'}

Test accuracy for ΔTSV-2:
Bagging-nest20-r5478893:  {'MSE': '0.0023', 'RMSE': '0.0480', 'MAE': '0.0211', 'R2': '0.9965', 'train_r2': '0.9995'}
Bagging-nest20-r8895072:  {'MSE': '0.0013', 'RMSE': '0.0359', 'MAE': '0.0148', 'R2': '0.9980', 'train_r2': '0.9993'}
Bagging-nest20-r1092094:  {'MSE': '0.0050', 'RMSE': '0.0710', 'MAE': '0.0352', 'R2': '0.9923', 'train_r2': '0.9983'}
Bagging-nest20-r2026949:  {'MSE': '0.0038', 'RMSE': '0.0616', 'MAE': '0.0289', 'R2': '0.9942', 'train_r2': '0.9987'}
Bagging-nest20-r5733607:  {'MSE': '0.0043', 'RMSE': '0.0656', 'MAE': '0.0312', 'R2': '0.9935', 'train_r2': '0.9991'}
Bagging-nest20-r5845559:  {'MSE': '0.0037', 'RMSE': '0.0609', 'MAE': '0.0352', 'R2': '0.9944', 'train_r2': '0.9991'}
Bagging-nest20-r3614799:  {'MSE': '0.0030', 'RMSE': '0.0545', 'MAE': '0.0250', 'R2': '0.9955', 'train_r2': '0.9989'}
Bagging-nest20-r5247354:  {'MSE': '0.0027', 'RMSE': '0.0523', 'MAE': '0.0312', 'R2': '0.9958', 'train_r2': '0.9987'}
Bagging-nest20-r2693450:  {'MSE': '0.0016', 'RMSE': '0.0405', 'MAE': '0.0250', 'R2': '0.9975', 'train_r2': '0.9992'}
Bagging-nest20-r2102048:  {'MSE': '0.0032', 'RMSE': '0.0569', 'MAE': '0.0289', 'R2': '0.9951', 'train_r2': '0.9987'}
Bagging-nest20-r8160326:  {'MSE': '0.0066', 'RMSE': '0.0815', 'MAE': '0.0391', 'R2': '0.9899', 'train_r2': '0.9976'}
Bagging-nest20-r8934989:  {'MSE': '0.0055', 'RMSE': '0.0742', 'MAE': '0.0305', 'R2': '0.9916', 'train_r2': '0.9983'}
Bagging-nest20-r5747026:  {'MSE': '0.0013', 'RMSE': '0.0359', 'MAE': '0.0195', 'R2': '0.9980', 'train_r2': '0.9990'}
Bagging-nest20-r9304798:  {'MSE': '0.0036', 'RMSE': '0.0596', 'MAE': '0.0305', 'R2': '0.9946', 'train_r2': '0.9989'}
Bagging-nest20-r7899496:  {'MSE': '0.0033', 'RMSE': '0.0576', 'MAE': '0.0305', 'R2': '0.9950', 'train_r2': '0.9982'}
Bagging-nest20-r2003335:  {'MSE': '0.0025', 'RMSE': '0.0504', 'MAE': '0.0227', 'R2': '0.9961', 'train_r2': '0.9988'}
Bagging-nest20-r8565344:  {'MSE': '0.0011', 'RMSE': '0.0325', 'MAE': '0.0164', 'R2': '0.9984', 'train_r2': '0.9992'}
Bagging-nest20-r9979466:  {'MSE': '0.0015', 'RMSE': '0.0390', 'MAE': '0.0180', 'R2': '0.9977', 'train_r2': '0.9993'}
Bagging-nest20-r1729346:  {'MSE': '0.0055', 'RMSE': '0.0740', 'MAE': '0.0422', 'R2': '0.9917', 'train_r2': '0.9986'}
Bagging-nest20-r924863:  {'MSE': '0.0010', 'RMSE': '0.0319', 'MAE': '0.0172', 'R2': '0.9985', 'train_r2': '0.9997'}
Bagging-nest50-r2614983:  {'MSE': '0.0010', 'RMSE': '0.0310', 'MAE': '0.0181', 'R2': '0.9985', 'train_r2': '0.9995'}
Bagging-nest50-r9482140:  {'MSE': '0.0016', 'RMSE': '0.0397', 'MAE': '0.0231', 'R2': '0.9976', 'train_r2': '0.9994'}
Bagging-nest50-r3251672:  {'MSE': '0.0021', 'RMSE': '0.0459', 'MAE': '0.0278', 'R2': '0.9968', 'train_r2': '0.9993'}
Bagging-nest50-r3776212:  {'MSE': '0.0019', 'RMSE': '0.0441', 'MAE': '0.0247', 'R2': '0.9970', 'train_r2': '0.9992'}
Bagging-nest50-r671767:  {'MSE': '0.0025', 'RMSE': '0.0498', 'MAE': '0.0278', 'R2': '0.9962', 'train_r2': '0.9994'}
Bagging-nest50-r4645319:  {'MSE': '0.0036', 'RMSE': '0.0600', 'MAE': '0.0313', 'R2': '0.9945', 'train_r2': '0.9994'}
Bagging-nest50-r9022159:  {'MSE': '0.0024', 'RMSE': '0.0488', 'MAE': '0.0284', 'R2': '0.9964', 'train_r2': '0.9994'}
Bagging-nest50-r8220459:  {'MSE': '0.0036', 'RMSE': '0.0596', 'MAE': '0.0325', 'R2': '0.9946', 'train_r2': '0.9992'}
Bagging-nest50-r8613864:  {'MSE': '0.0016', 'RMSE': '0.0405', 'MAE': '0.0269', 'R2': '0.9975', 'train_r2': '0.9992'}
Bagging-nest50-r8248656:  {'MSE': '0.0008', 'RMSE': '0.0274', 'MAE': '0.0200', 'R2': '0.9989', 'train_r2': '0.9995'}
Bagging-nest50-r5456742:  {'MSE': '0.0009', 'RMSE': '0.0292', 'MAE': '0.0206', 'R2': '0.9987', 'train_r2': '0.9996'}
Bagging-nest50-r3092303:  {'MSE': '0.0015', 'RMSE': '0.0383', 'MAE': '0.0216', 'R2': '0.9978', 'train_r2': '0.9995'}
Bagging-nest50-r7633569:  {'MSE': '0.0017', 'RMSE': '0.0410', 'MAE': '0.0241', 'R2': '0.9974', 'train_r2': '0.9996'}
Bagging-nest50-r7748679:  {'MSE': '0.0026', 'RMSE': '0.0514', 'MAE': '0.0291', 'R2': '0.9960', 'train_r2': '0.9993'}
Bagging-nest50-r2604333:  {'MSE': '0.0025', 'RMSE': '0.0503', 'MAE': '0.0322', 'R2': '0.9962', 'train_r2': '0.9992'}
Bagging-nest50-r4546407:  {'MSE': '0.0021', 'RMSE': '0.0456', 'MAE': '0.0253', 'R2': '0.9968', 'train_r2': '0.9993'}
Bagging-nest50-r1590827:  {'MSE': '0.0015', 'RMSE': '0.0391', 'MAE': '0.0250', 'R2': '0.9977', 'train_r2': '0.9994'}
Bagging-nest50-r9626474:  {'MSE': '0.0018', 'RMSE': '0.0421', 'MAE': '0.0253', 'R2': '0.9973', 'train_r2': '0.9995'}
Bagging-nest50-r7934717:  {'MSE': '0.0013', 'RMSE': '0.0364', 'MAE': '0.0231', 'R2': '0.9980', 'train_r2': '0.9994'}
Bagging-nest50-r166943:  {'MSE': '0.0017', 'RMSE': '0.0417', 'MAE': '0.0288', 'R2': '0.9974', 'train_r2': '0.9995'}
Bagging-nest100-r865693:  {'MSE': '0.0017', 'RMSE': '0.0418', 'MAE': '0.0247', 'R2': '0.9973', 'train_r2': '0.9997'}
Bagging-nest100-r2704358:  {'MSE': '0.0024', 'RMSE': '0.0493', 'MAE': '0.0305', 'R2': '0.9963', 'train_r2': '0.9995'}
Bagging-nest100-r9855640:  {'MSE': '0.0020', 'RMSE': '0.0451', 'MAE': '0.0292', 'R2': '0.9969', 'train_r2': '0.9995'}
Bagging-nest100-r7416729:  {'MSE': '0.0014', 'RMSE': '0.0377', 'MAE': '0.0255', 'R2': '0.9978', 'train_r2': '0.9996'}
Bagging-nest100-r7683737:  {'MSE': '0.0012', 'RMSE': '0.0349', 'MAE': '0.0212', 'R2': '0.9982', 'train_r2': '0.9995'}
Bagging-nest100-r1163480:  {'MSE': '0.0026', 'RMSE': '0.0507', 'MAE': '0.0309', 'R2': '0.9961', 'train_r2': '0.9993'}
Bagging-nest100-r2533939:  {'MSE': '0.0031', 'RMSE': '0.0553', 'MAE': '0.0286', 'R2': '0.9954', 'train_r2': '0.9994'}
Bagging-nest100-r6335712:  {'MSE': '0.0015', 'RMSE': '0.0386', 'MAE': '0.0256', 'R2': '0.9977', 'train_r2': '0.9996'}
Bagging-nest100-r9147769:  {'MSE': '0.0027', 'RMSE': '0.0521', 'MAE': '0.0319', 'R2': '0.9959', 'train_r2': '0.9993'}
Bagging-nest100-r5407321:  {'MSE': '0.0010', 'RMSE': '0.0315', 'MAE': '0.0223', 'R2': '0.9985', 'train_r2': '0.9996'}
Bagging-nest100-r9665651:  {'MSE': '0.0028', 'RMSE': '0.0527', 'MAE': '0.0312', 'R2': '0.9958', 'train_r2': '0.9995'}
Bagging-nest100-r6958611:  {'MSE': '0.0024', 'RMSE': '0.0493', 'MAE': '0.0291', 'R2': '0.9963', 'train_r2': '0.9995'}
Bagging-nest100-r7306112:  {'MSE': '0.0009', 'RMSE': '0.0294', 'MAE': '0.0203', 'R2': '0.9987', 'train_r2': '0.9997'}
Bagging-nest100-r6792630:  {'MSE': '0.0006', 'RMSE': '0.0235', 'MAE': '0.0155', 'R2': '0.9992', 'train_r2': '0.9997'}
Bagging-nest100-r4541790:  {'MSE': '0.0010', 'RMSE': '0.0318', 'MAE': '0.0214', 'R2': '0.9985', 'train_r2': '0.9996'}
Bagging-nest100-r8873569:  {'MSE': '0.0025', 'RMSE': '0.0504', 'MAE': '0.0314', 'R2': '0.9961', 'train_r2': '0.9994'}
Bagging-nest100-r6607317:  {'MSE': '0.0021', 'RMSE': '0.0456', 'MAE': '0.0283', 'R2': '0.9968', 'train_r2': '0.9995'}
Bagging-nest100-r2249928:  {'MSE': '0.0020', 'RMSE': '0.0443', 'MAE': '0.0287', 'R2': '0.9970', 'train_r2': '0.9995'}
Bagging-nest100-r962563:  {'MSE': '0.0022', 'RMSE': '0.0470', 'MAE': '0.0291', 'R2': '0.9966', 'train_r2': '0.9995'}
Bagging-nest100-r1470702:  {'MSE': '0.0023', 'RMSE': '0.0476', 'MAE': '0.0280', 'R2': '0.9966', 'train_r2': '0.9995'}
Bagging-nest200-r4962009:  {'MSE': '0.0009', 'RMSE': '0.0298', 'MAE': '0.0197', 'R2': '0.9987', 'train_r2': '0.9998'}
Bagging-nest200-r143847:  {'MSE': '0.0012', 'RMSE': '0.0341', 'MAE': '0.0200', 'R2': '0.9982', 'train_r2': '0.9997'}
Bagging-nest200-r3618721:  {'MSE': '0.0012', 'RMSE': '0.0351', 'MAE': '0.0237', 'R2': '0.9981', 'train_r2': '0.9997'}
Bagging-nest200-r1009252:  {'MSE': '0.0014', 'RMSE': '0.0375', 'MAE': '0.0248', 'R2': '0.9979', 'train_r2': '0.9997'}
Bagging-nest200-r974049:  {'MSE': '0.0017', 'RMSE': '0.0416', 'MAE': '0.0278', 'R2': '0.9974', 'train_r2': '0.9996'}
Bagging-nest200-r1985961:  {'MSE': '0.0023', 'RMSE': '0.0482', 'MAE': '0.0295', 'R2': '0.9965', 'train_r2': '0.9996'}
Bagging-nest200-r5397463:  {'MSE': '0.0020', 'RMSE': '0.0452', 'MAE': '0.0285', 'R2': '0.9969', 'train_r2': '0.9995'}
Bagging-nest200-r6705620:  {'MSE': '0.0011', 'RMSE': '0.0328', 'MAE': '0.0212', 'R2': '0.9984', 'train_r2': '0.9998'}
Bagging-nest200-r4899226:  {'MSE': '0.0014', 'RMSE': '0.0374', 'MAE': '0.0232', 'R2': '0.9979', 'train_r2': '0.9996'}
Bagging-nest200-r4654118:  {'MSE': '0.0015', 'RMSE': '0.0387', 'MAE': '0.0251', 'R2': '0.9977', 'train_r2': '0.9997'}
Bagging-nest200-r6318176:  {'MSE': '0.0011', 'RMSE': '0.0327', 'MAE': '0.0226', 'R2': '0.9984', 'train_r2': '0.9997'}
Bagging-nest200-r7932744:  {'MSE': '0.0014', 'RMSE': '0.0373', 'MAE': '0.0253', 'R2': '0.9979', 'train_r2': '0.9996'}
Bagging-nest200-r2439150:  {'MSE': '0.0007', 'RMSE': '0.0273', 'MAE': '0.0191', 'R2': '0.9989', 'train_r2': '0.9997'}
Bagging-nest200-r171122:  {'MSE': '0.0015', 'RMSE': '0.0394', 'MAE': '0.0252', 'R2': '0.9976', 'train_r2': '0.9997'}
Bagging-nest200-r9048201:  {'MSE': '0.0015', 'RMSE': '0.0387', 'MAE': '0.0245', 'R2': '0.9977', 'train_r2': '0.9997'}
Bagging-nest200-r7530271:  {'MSE': '0.0012', 'RMSE': '0.0349', 'MAE': '0.0240', 'R2': '0.9981', 'train_r2': '0.9997'}
Bagging-nest200-r1788904:  {'MSE': '0.0015', 'RMSE': '0.0381', 'MAE': '0.0249', 'R2': '0.9978', 'train_r2': '0.9997'}
Bagging-nest200-r97522:  {'MSE': '0.0011', 'RMSE': '0.0339', 'MAE': '0.0212', 'R2': '0.9983', 'train_r2': '0.9998'}
Bagging-nest200-r916483:  {'MSE': '0.0015', 'RMSE': '0.0386', 'MAE': '0.0252', 'R2': '0.9977', 'train_r2': '0.9996'}
Bagging-nest200-r9851981:  {'MSE': '0.0014', 'RMSE': '0.0377', 'MAE': '0.0237', 'R2': '0.9978', 'train_r2': '0.9997'}
Bagging-nest300-r5455823:  {'MSE': '0.0012', 'RMSE': '0.0344', 'MAE': '0.0240', 'R2': '0.9982', 'train_r2': '0.9996'}
Bagging-nest300-r6751920:  {'MSE': '0.0019', 'RMSE': '0.0431', 'MAE': '0.0271', 'R2': '0.9972', 'train_r2': '0.9996'}
Bagging-nest300-r8214489:  {'MSE': '0.0013', 'RMSE': '0.0361', 'MAE': '0.0240', 'R2': '0.9980', 'train_r2': '0.9997'}
Bagging-nest300-r4934424:  {'MSE': '0.0010', 'RMSE': '0.0322', 'MAE': '0.0227', 'R2': '0.9984', 'train_r2': '0.9997'}
Bagging-nest300-r9359670:  {'MSE': '0.0015', 'RMSE': '0.0385', 'MAE': '0.0259', 'R2': '0.9977', 'train_r2': '0.9997'}
Bagging-nest300-r6646273:  {'MSE': '0.0011', 'RMSE': '0.0336', 'MAE': '0.0220', 'R2': '0.9983', 'train_r2': '0.9997'}
Bagging-nest300-r4793956:  {'MSE': '0.0010', 'RMSE': '0.0313', 'MAE': '0.0218', 'R2': '0.9985', 'train_r2': '0.9998'}
Bagging-nest300-r3158942:  {'MSE': '0.0014', 'RMSE': '0.0377', 'MAE': '0.0246', 'R2': '0.9978', 'train_r2': '0.9997'}
Bagging-nest300-r184873:  {'MSE': '0.0013', 'RMSE': '0.0363', 'MAE': '0.0234', 'R2': '0.9980', 'train_r2': '0.9997'}
Bagging-nest300-r9341664:  {'MSE': '0.0010', 'RMSE': '0.0323', 'MAE': '0.0228', 'R2': '0.9984', 'train_r2': '0.9997'}
Bagging-nest300-r7742176:  {'MSE': '0.0016', 'RMSE': '0.0399', 'MAE': '0.0248', 'R2': '0.9976', 'train_r2': '0.9997'}
Bagging-nest300-r3064156:  {'MSE': '0.0009', 'RMSE': '0.0305', 'MAE': '0.0208', 'R2': '0.9986', 'train_r2': '0.9998'}
Bagging-nest300-r342444:  {'MSE': '0.0017', 'RMSE': '0.0417', 'MAE': '0.0245', 'R2': '0.9974', 'train_r2': '0.9996'}
Bagging-nest300-r2532692:  {'MSE': '0.0014', 'RMSE': '0.0371', 'MAE': '0.0249', 'R2': '0.9979', 'train_r2': '0.9997'}
Bagging-nest300-r6362293:  {'MSE': '0.0012', 'RMSE': '0.0344', 'MAE': '0.0236', 'R2': '0.9982', 'train_r2': '0.9997'}
Bagging-nest300-r9281634:  {'MSE': '0.0015', 'RMSE': '0.0393', 'MAE': '0.0217', 'R2': '0.9977', 'train_r2': '0.9997'}
Bagging-nest300-r7420976:  {'MSE': '0.0010', 'RMSE': '0.0317', 'MAE': '0.0215', 'R2': '0.9985', 'train_r2': '0.9998'}
Bagging-nest300-r5354038:  {'MSE': '0.0011', 'RMSE': '0.0335', 'MAE': '0.0217', 'R2': '0.9983', 'train_r2': '0.9997'}
Bagging-nest300-r1000385:  {'MSE': '0.0015', 'RMSE': '0.0392', 'MAE': '0.0249', 'R2': '0.9977', 'train_r2': '0.9997'}
Bagging-nest300-r9287337:  {'MSE': '0.0010', 'RMSE': '0.0317', 'MAE': '0.0229', 'R2': '0.9985', 'train_r2': '0.9997'}
Bagging-nest500-r4813361:  {'MSE': '0.0016', 'RMSE': '0.0395', 'MAE': '0.0257', 'R2': '0.9976', 'train_r2': '0.9997'}
Bagging-nest500-r6244045:  {'MSE': '0.0011', 'RMSE': '0.0336', 'MAE': '0.0218', 'R2': '0.9983', 'train_r2': '0.9997'}
Bagging-nest500-r2095620:  {'MSE': '0.0010', 'RMSE': '0.0319', 'MAE': '0.0212', 'R2': '0.9984', 'train_r2': '0.9998'}
Bagging-nest500-r9539702:  {'MSE': '0.0011', 'RMSE': '0.0338', 'MAE': '0.0222', 'R2': '0.9983', 'train_r2': '0.9997'}
Bagging-nest500-r9046530:  {'MSE': '0.0020', 'RMSE': '0.0452', 'MAE': '0.0267', 'R2': '0.9969', 'train_r2': '0.9996'}
Bagging-nest500-r1592939:  {'MSE': '0.0016', 'RMSE': '0.0400', 'MAE': '0.0258', 'R2': '0.9976', 'train_r2': '0.9997'}
Bagging-nest500-r1898642:  {'MSE': '0.0012', 'RMSE': '0.0348', 'MAE': '0.0232', 'R2': '0.9982', 'train_r2': '0.9997'}
Bagging-nest500-r94225:  {'MSE': '0.0015', 'RMSE': '0.0381', 'MAE': '0.0255', 'R2': '0.9978', 'train_r2': '0.9997'}
Bagging-nest500-r6483597:  {'MSE': '0.0012', 'RMSE': '0.0344', 'MAE': '0.0232', 'R2': '0.9982', 'train_r2': '0.9997'}
Bagging-nest500-r9976324:  {'MSE': '0.0013', 'RMSE': '0.0354', 'MAE': '0.0237', 'R2': '0.9981', 'train_r2': '0.9997'}
Bagging-nest500-r5159242:  {'MSE': '0.0010', 'RMSE': '0.0323', 'MAE': '0.0211', 'R2': '0.9984', 'train_r2': '0.9997'}
Bagging-nest500-r1013658:  {'MSE': '0.0019', 'RMSE': '0.0433', 'MAE': '0.0254', 'R2': '0.9971', 'train_r2': '0.9997'}
Bagging-nest500-r2054625:  {'MSE': '0.0011', 'RMSE': '0.0338', 'MAE': '0.0218', 'R2': '0.9983', 'train_r2': '0.9998'}
Bagging-nest500-r5820420:  {'MSE': '0.0016', 'RMSE': '0.0397', 'MAE': '0.0225', 'R2': '0.9976', 'train_r2': '0.9997'}
Bagging-nest500-r1468672:  {'MSE': '0.0009', 'RMSE': '0.0304', 'MAE': '0.0216', 'R2': '0.9986', 'train_r2': '0.9998'}
Bagging-nest500-r8884609:  {'MSE': '0.0015', 'RMSE': '0.0388', 'MAE': '0.0244', 'R2': '0.9977', 'train_r2': '0.9997'}
Bagging-nest500-r5063461:  {'MSE': '0.0014', 'RMSE': '0.0371', 'MAE': '0.0249', 'R2': '0.9979', 'train_r2': '0.9997'}
Bagging-nest500-r8651698:  {'MSE': '0.0011', 'RMSE': '0.0335', 'MAE': '0.0224', 'R2': '0.9983', 'train_r2': '0.9997'}
Bagging-nest500-r9031715:  {'MSE': '0.0019', 'RMSE': '0.0440', 'MAE': '0.0257', 'R2': '0.9971', 'train_r2': '0.9996'}
Bagging-nest500-r8531716:  {'MSE': '0.0013', 'RMSE': '0.0362', 'MAE': '0.0235', 'R2': '0.9980', 'train_r2': '0.9997'}

Test accuracy for 上背温度-3:
Bagging-nest20-r3849151:  {'MSE': '1.6429', 'RMSE': '1.2817', 'MAE': '0.7352', 'R2': '0.7792', 'train_r2': '0.9858'}
Bagging-nest20-r3400322:  {'MSE': '1.5529', 'RMSE': '1.2462', 'MAE': '0.7105', 'R2': '0.7913', 'train_r2': '0.9868'}
Bagging-nest20-r7261616:  {'MSE': '3.0582', 'RMSE': '1.7488', 'MAE': '0.8594', 'R2': '0.5890', 'train_r2': '0.9821'}
Bagging-nest20-r7617191:  {'MSE': '1.7261', 'RMSE': '1.3138', 'MAE': '0.7160', 'R2': '0.7680', 'train_r2': '0.9887'}
Bagging-nest20-r2319226:  {'MSE': '2.8851', 'RMSE': '1.6985', 'MAE': '0.8922', 'R2': '0.6123', 'train_r2': '0.9845'}
Bagging-nest20-r6519950:  {'MSE': '1.3558', 'RMSE': '1.1644', 'MAE': '0.6754', 'R2': '0.8178', 'train_r2': '0.9846'}
Bagging-nest20-r1017099:  {'MSE': '1.0715', 'RMSE': '1.0351', 'MAE': '0.6496', 'R2': '0.8560', 'train_r2': '0.9881'}
Bagging-nest20-r3633987:  {'MSE': '1.4050', 'RMSE': '1.1853', 'MAE': '0.7582', 'R2': '0.8112', 'train_r2': '0.9864'}
Bagging-nest20-r3157239:  {'MSE': '2.2181', 'RMSE': '1.4893', 'MAE': '0.7695', 'R2': '0.7019', 'train_r2': '0.9860'}
Bagging-nest20-r9816960:  {'MSE': '0.9524', 'RMSE': '0.9759', 'MAE': '0.6699', 'R2': '0.8720', 'train_r2': '0.9888'}
Bagging-nest20-r8181733:  {'MSE': '1.3558', 'RMSE': '1.1644', 'MAE': '0.7063', 'R2': '0.8178', 'train_r2': '0.9873'}
Bagging-nest20-r5197960:  {'MSE': '1.1152', 'RMSE': '1.0560', 'MAE': '0.6926', 'R2': '0.8501', 'train_r2': '0.9858'}
Bagging-nest20-r7760250:  {'MSE': '1.0990', 'RMSE': '1.0483', 'MAE': '0.6602', 'R2': '0.8523', 'train_r2': '0.9868'}
Bagging-nest20-r5375264:  {'MSE': '1.6959', 'RMSE': '1.3023', 'MAE': '0.7348', 'R2': '0.7721', 'train_r2': '0.9877'}
Bagging-nest20-r4576564:  {'MSE': '1.3462', 'RMSE': '1.1602', 'MAE': '0.7480', 'R2': '0.8191', 'train_r2': '0.9882'}
Bagging-nest20-r3583399:  {'MSE': '1.4559', 'RMSE': '1.2066', 'MAE': '0.6969', 'R2': '0.8043', 'train_r2': '0.9855'}
Bagging-nest20-r1195984:  {'MSE': '1.4438', 'RMSE': '1.2016', 'MAE': '0.7602', 'R2': '0.8060', 'train_r2': '0.9883'}
Bagging-nest20-r5729298:  {'MSE': '1.6234', 'RMSE': '1.2741', 'MAE': '0.7141', 'R2': '0.7818', 'train_r2': '0.9862'}
Bagging-nest20-r6873984:  {'MSE': '1.9568', 'RMSE': '1.3989', 'MAE': '0.7793', 'R2': '0.7370', 'train_r2': '0.9858'}
Bagging-nest20-r1069821:  {'MSE': '1.2503', 'RMSE': '1.1182', 'MAE': '0.7215', 'R2': '0.8320', 'train_r2': '0.9875'}
Bagging-nest50-r8788802:  {'MSE': '1.2640', 'RMSE': '1.1243', 'MAE': '0.6877', 'R2': '0.8301', 'train_r2': '0.9897'}
Bagging-nest50-r8765893:  {'MSE': '2.2441', 'RMSE': '1.4980', 'MAE': '0.8075', 'R2': '0.6984', 'train_r2': '0.9882'}
Bagging-nest50-r7869672:  {'MSE': '1.4081', 'RMSE': '1.1866', 'MAE': '0.6444', 'R2': '0.8108', 'train_r2': '0.9903'}
Bagging-nest50-r3324452:  {'MSE': '1.4987', 'RMSE': '1.2242', 'MAE': '0.7006', 'R2': '0.7986', 'train_r2': '0.9908'}
Bagging-nest50-r4679895:  {'MSE': '1.1381', 'RMSE': '1.0668', 'MAE': '0.6681', 'R2': '0.8471', 'train_r2': '0.9893'}
Bagging-nest50-r8767697:  {'MSE': '1.8986', 'RMSE': '1.3779', 'MAE': '0.7219', 'R2': '0.7449', 'train_r2': '0.9882'}
Bagging-nest50-r2408489:  {'MSE': '1.7522', 'RMSE': '1.3237', 'MAE': '0.7333', 'R2': '0.7645', 'train_r2': '0.9885'}
Bagging-nest50-r8528377:  {'MSE': '2.2998', 'RMSE': '1.5165', 'MAE': '0.7892', 'R2': '0.6909', 'train_r2': '0.9877'}
Bagging-nest50-r6186929:  {'MSE': '1.5129', 'RMSE': '1.2300', 'MAE': '0.6903', 'R2': '0.7967', 'train_r2': '0.9902'}
Bagging-nest50-r2524971:  {'MSE': '1.6656', 'RMSE': '1.2906', 'MAE': '0.7341', 'R2': '0.7762', 'train_r2': '0.9898'}
Bagging-nest50-r9637165:  {'MSE': '1.6203', 'RMSE': '1.2729', 'MAE': '0.7292', 'R2': '0.7823', 'train_r2': '0.9891'}
Bagging-nest50-r8165054:  {'MSE': '1.1496', 'RMSE': '1.0722', 'MAE': '0.6592', 'R2': '0.8455', 'train_r2': '0.9896'}
Bagging-nest50-r4097032:  {'MSE': '1.5621', 'RMSE': '1.2498', 'MAE': '0.7239', 'R2': '0.7901', 'train_r2': '0.9890'}
Bagging-nest50-r8511416:  {'MSE': '1.7159', 'RMSE': '1.3099', 'MAE': '0.7363', 'R2': '0.7694', 'train_r2': '0.9894'}
Bagging-nest50-r1759942:  {'MSE': '1.5768', 'RMSE': '1.2557', 'MAE': '0.7331', 'R2': '0.7881', 'train_r2': '0.9894'}
Bagging-nest50-r9974935:  {'MSE': '1.1325', 'RMSE': '1.0642', 'MAE': '0.6283', 'R2': '0.8478', 'train_r2': '0.9908'}
Bagging-nest50-r272609:  {'MSE': '1.3709', 'RMSE': '1.1708', 'MAE': '0.7211', 'R2': '0.8158', 'train_r2': '0.9899'}
Bagging-nest50-r3153727:  {'MSE': '1.7792', 'RMSE': '1.3339', 'MAE': '0.7409', 'R2': '0.7609', 'train_r2': '0.9887'}
Bagging-nest50-r3505277:  {'MSE': '1.2781', 'RMSE': '1.1305', 'MAE': '0.6827', 'R2': '0.8282', 'train_r2': '0.9900'}
Bagging-nest50-r8990513:  {'MSE': '1.5045', 'RMSE': '1.2266', 'MAE': '0.7092', 'R2': '0.7978', 'train_r2': '0.9891'}
Bagging-nest100-r8759871:  {'MSE': '1.5638', 'RMSE': '1.2505', 'MAE': '0.7099', 'R2': '0.7898', 'train_r2': '0.9899'}
Bagging-nest100-r8706450:  {'MSE': '1.3985', 'RMSE': '1.1826', 'MAE': '0.6892', 'R2': '0.8121', 'train_r2': '0.9906'}
Bagging-nest100-r4023772:  {'MSE': '1.4688', 'RMSE': '1.2119', 'MAE': '0.7178', 'R2': '0.8026', 'train_r2': '0.9899'}
Bagging-nest100-r6045028:  {'MSE': '1.3243', 'RMSE': '1.1508', 'MAE': '0.6905', 'R2': '0.8220', 'train_r2': '0.9892'}
Bagging-nest100-r9817152:  {'MSE': '1.8266', 'RMSE': '1.3515', 'MAE': '0.7547', 'R2': '0.7545', 'train_r2': '0.9888'}
Bagging-nest100-r2990252:  {'MSE': '1.8469', 'RMSE': '1.3590', 'MAE': '0.7611', 'R2': '0.7518', 'train_r2': '0.9889'}
Bagging-nest100-r272447:  {'MSE': '1.5803', 'RMSE': '1.2571', 'MAE': '0.7362', 'R2': '0.7876', 'train_r2': '0.9898'}
Bagging-nest100-r2370193:  {'MSE': '1.3559', 'RMSE': '1.1644', 'MAE': '0.6813', 'R2': '0.8178', 'train_r2': '0.9907'}
Bagging-nest100-r3088164:  {'MSE': '1.4225', 'RMSE': '1.1927', 'MAE': '0.7084', 'R2': '0.8088', 'train_r2': '0.9886'}
Bagging-nest100-r7943999:  {'MSE': '1.4955', 'RMSE': '1.2229', 'MAE': '0.6794', 'R2': '0.7990', 'train_r2': '0.9900'}
Bagging-nest100-r745120:  {'MSE': '1.7124', 'RMSE': '1.3086', 'MAE': '0.7355', 'R2': '0.7699', 'train_r2': '0.9896'}
Bagging-nest100-r1723099:  {'MSE': '1.8251', 'RMSE': '1.3510', 'MAE': '0.7644', 'R2': '0.7547', 'train_r2': '0.9899'}
Bagging-nest100-r2761381:  {'MSE': '1.2234', 'RMSE': '1.1061', 'MAE': '0.6820', 'R2': '0.8356', 'train_r2': '0.9899'}
Bagging-nest100-r9094199:  {'MSE': '1.2509', 'RMSE': '1.1185', 'MAE': '0.6634', 'R2': '0.8319', 'train_r2': '0.9907'}
Bagging-nest100-r5930220:  {'MSE': '1.4141', 'RMSE': '1.1892', 'MAE': '0.7016', 'R2': '0.8100', 'train_r2': '0.9905'}
Bagging-nest100-r6081266:  {'MSE': '1.5527', 'RMSE': '1.2461', 'MAE': '0.7138', 'R2': '0.7913', 'train_r2': '0.9900'}
Bagging-nest100-r9676404:  {'MSE': '1.4221', 'RMSE': '1.1925', 'MAE': '0.7084', 'R2': '0.8089', 'train_r2': '0.9903'}
Bagging-nest100-r5986008:  {'MSE': '1.7518', 'RMSE': '1.3235', 'MAE': '0.7203', 'R2': '0.7646', 'train_r2': '0.9890'}
Bagging-nest100-r9102248:  {'MSE': '1.5382', 'RMSE': '1.2402', 'MAE': '0.7119', 'R2': '0.7933', 'train_r2': '0.9899'}
Bagging-nest100-r6561529:  {'MSE': '1.3292', 'RMSE': '1.1529', 'MAE': '0.6662', 'R2': '0.8214', 'train_r2': '0.9904'}
Bagging-nest200-r9672086:  {'MSE': '1.6272', 'RMSE': '1.2756', 'MAE': '0.7303', 'R2': '0.7813', 'train_r2': '0.9898'}
Bagging-nest200-r337061:  {'MSE': '1.6826', 'RMSE': '1.2972', 'MAE': '0.7246', 'R2': '0.7739', 'train_r2': '0.9901'}
Bagging-nest200-r9953503:  {'MSE': '1.5897', 'RMSE': '1.2608', 'MAE': '0.7271', 'R2': '0.7864', 'train_r2': '0.9900'}
Bagging-nest200-r256522:  {'MSE': '1.6465', 'RMSE': '1.2832', 'MAE': '0.7320', 'R2': '0.7787', 'train_r2': '0.9899'}
Bagging-nest200-r8920094:  {'MSE': '1.4953', 'RMSE': '1.2228', 'MAE': '0.7170', 'R2': '0.7991', 'train_r2': '0.9905'}
Bagging-nest200-r2801030:  {'MSE': '1.6643', 'RMSE': '1.2901', 'MAE': '0.7196', 'R2': '0.7763', 'train_r2': '0.9909'}
Bagging-nest200-r5991755:  {'MSE': '1.5726', 'RMSE': '1.2540', 'MAE': '0.6930', 'R2': '0.7887', 'train_r2': '0.9905'}
Bagging-nest200-r4904407:  {'MSE': '1.4388', 'RMSE': '1.1995', 'MAE': '0.6940', 'R2': '0.8067', 'train_r2': '0.9906'}
Bagging-nest200-r3493834:  {'MSE': '1.4176', 'RMSE': '1.1906', 'MAE': '0.6809', 'R2': '0.8095', 'train_r2': '0.9906'}
Bagging-nest200-r5568244:  {'MSE': '1.8155', 'RMSE': '1.3474', 'MAE': '0.7384', 'R2': '0.7560', 'train_r2': '0.9895'}
Bagging-nest200-r3405215:  {'MSE': '1.5050', 'RMSE': '1.2268', 'MAE': '0.7144', 'R2': '0.7978', 'train_r2': '0.9907'}
Bagging-nest200-r847386:  {'MSE': '1.6092', 'RMSE': '1.2685', 'MAE': '0.7171', 'R2': '0.7837', 'train_r2': '0.9902'}
Bagging-nest200-r8558238:  {'MSE': '1.6214', 'RMSE': '1.2733', 'MAE': '0.7162', 'R2': '0.7821', 'train_r2': '0.9910'}
Bagging-nest200-r9716831:  {'MSE': '1.8034', 'RMSE': '1.3429', 'MAE': '0.7443', 'R2': '0.7577', 'train_r2': '0.9904'}
Bagging-nest200-r8263417:  {'MSE': '1.2762', 'RMSE': '1.1297', 'MAE': '0.6616', 'R2': '0.8285', 'train_r2': '0.9911'}
Bagging-nest200-r5433469:  {'MSE': '1.4907', 'RMSE': '1.2209', 'MAE': '0.6934', 'R2': '0.7997', 'train_r2': '0.9911'}
Bagging-nest200-r8542485:  {'MSE': '1.5801', 'RMSE': '1.2570', 'MAE': '0.7087', 'R2': '0.7877', 'train_r2': '0.9915'}
Bagging-nest200-r8048641:  {'MSE': '1.8282', 'RMSE': '1.3521', 'MAE': '0.7493', 'R2': '0.7543', 'train_r2': '0.9904'}
Bagging-nest200-r3130742:  {'MSE': '1.6189', 'RMSE': '1.2724', 'MAE': '0.7306', 'R2': '0.7824', 'train_r2': '0.9902'}
Bagging-nest200-r4027075:  {'MSE': '1.5222', 'RMSE': '1.2338', 'MAE': '0.7034', 'R2': '0.7954', 'train_r2': '0.9904'}
Bagging-nest300-r3609811:  {'MSE': '1.4845', 'RMSE': '1.2184', 'MAE': '0.7106', 'R2': '0.8005', 'train_r2': '0.9912'}
Bagging-nest300-r8083043:  {'MSE': '1.4425', 'RMSE': '1.2010', 'MAE': '0.7078', 'R2': '0.8062', 'train_r2': '0.9906'}
Bagging-nest300-r42919:  {'MSE': '1.3552', 'RMSE': '1.1641', 'MAE': '0.6847', 'R2': '0.8179', 'train_r2': '0.9912'}
Bagging-nest300-r8558131:  {'MSE': '1.6894', 'RMSE': '1.2998', 'MAE': '0.7367', 'R2': '0.7730', 'train_r2': '0.9903'}
Bagging-nest300-r4239525:  {'MSE': '1.4812', 'RMSE': '1.2171', 'MAE': '0.7158', 'R2': '0.8009', 'train_r2': '0.9904'}
Bagging-nest300-r8049801:  {'MSE': '1.3387', 'RMSE': '1.1570', 'MAE': '0.6922', 'R2': '0.8201', 'train_r2': '0.9909'}
Bagging-nest300-r7302714:  {'MSE': '1.4806', 'RMSE': '1.2168', 'MAE': '0.6974', 'R2': '0.8010', 'train_r2': '0.9909'}
Bagging-nest300-r3253999:  {'MSE': '1.5499', 'RMSE': '1.2450', 'MAE': '0.7085', 'R2': '0.7917', 'train_r2': '0.9911'}
Bagging-nest300-r2034439:  {'MSE': '1.4407', 'RMSE': '1.2003', 'MAE': '0.7091', 'R2': '0.8064', 'train_r2': '0.9903'}
Bagging-nest300-r3510623:  {'MSE': '1.6995', 'RMSE': '1.3037', 'MAE': '0.7218', 'R2': '0.7716', 'train_r2': '0.9906'}
Bagging-nest300-r1803356:  {'MSE': '1.6725', 'RMSE': '1.2933', 'MAE': '0.7235', 'R2': '0.7752', 'train_r2': '0.9906'}
Bagging-nest300-r1503638:  {'MSE': '1.2884', 'RMSE': '1.1351', 'MAE': '0.6859', 'R2': '0.8269', 'train_r2': '0.9906'}
Bagging-nest300-r8766607:  {'MSE': '1.5129', 'RMSE': '1.2300', 'MAE': '0.7132', 'R2': '0.7967', 'train_r2': '0.9902'}
Bagging-nest300-r2918124:  {'MSE': '1.6674', 'RMSE': '1.2913', 'MAE': '0.7218', 'R2': '0.7759', 'train_r2': '0.9905'}
Bagging-nest300-r7067894:  {'MSE': '1.4722', 'RMSE': '1.2133', 'MAE': '0.7070', 'R2': '0.8022', 'train_r2': '0.9905'}
Bagging-nest300-r6950007:  {'MSE': '1.4053', 'RMSE': '1.1854', 'MAE': '0.6841', 'R2': '0.8112', 'train_r2': '0.9910'}
Bagging-nest300-r6353643:  {'MSE': '1.5597', 'RMSE': '1.2489', 'MAE': '0.7316', 'R2': '0.7904', 'train_r2': '0.9901'}
Bagging-nest300-r7925950:  {'MSE': '1.5926', 'RMSE': '1.2620', 'MAE': '0.7241', 'R2': '0.7860', 'train_r2': '0.9901'}
Bagging-nest300-r4618499:  {'MSE': '1.4699', 'RMSE': '1.2124', 'MAE': '0.6997', 'R2': '0.8025', 'train_r2': '0.9906'}
Bagging-nest300-r5921208:  {'MSE': '1.6841', 'RMSE': '1.2977', 'MAE': '0.7200', 'R2': '0.7737', 'train_r2': '0.9903'}
Bagging-nest500-r85744:  {'MSE': '1.5621', 'RMSE': '1.2499', 'MAE': '0.7124', 'R2': '0.7901', 'train_r2': '0.9910'}
Bagging-nest500-r2974112:  {'MSE': '1.4980', 'RMSE': '1.2239', 'MAE': '0.7120', 'R2': '0.7987', 'train_r2': '0.9901'}
Bagging-nest500-r715303:  {'MSE': '1.5740', 'RMSE': '1.2546', 'MAE': '0.7172', 'R2': '0.7885', 'train_r2': '0.9906'}
Bagging-nest500-r6755924:  {'MSE': '1.4107', 'RMSE': '1.1877', 'MAE': '0.6937', 'R2': '0.8104', 'train_r2': '0.9911'}
Bagging-nest500-r6351385:  {'MSE': '1.5278', 'RMSE': '1.2360', 'MAE': '0.7031', 'R2': '0.7947', 'train_r2': '0.9906'}
Bagging-nest500-r5207201:  {'MSE': '1.6442', 'RMSE': '1.2823', 'MAE': '0.7315', 'R2': '0.7790', 'train_r2': '0.9906'}
Bagging-nest500-r6133075:  {'MSE': '1.5298', 'RMSE': '1.2368', 'MAE': '0.7028', 'R2': '0.7944', 'train_r2': '0.9908'}
Bagging-nest500-r6714259:  {'MSE': '1.4533', 'RMSE': '1.2055', 'MAE': '0.6921', 'R2': '0.8047', 'train_r2': '0.9908'}
Bagging-nest500-r162077:  {'MSE': '1.5742', 'RMSE': '1.2547', 'MAE': '0.7189', 'R2': '0.7885', 'train_r2': '0.9907'}
Bagging-nest500-r2855495:  {'MSE': '1.6175', 'RMSE': '1.2718', 'MAE': '0.7163', 'R2': '0.7826', 'train_r2': '0.9907'}
Bagging-nest500-r39446:  {'MSE': '1.6976', 'RMSE': '1.3029', 'MAE': '0.7297', 'R2': '0.7719', 'train_r2': '0.9908'}
Bagging-nest500-r2216147:  {'MSE': '1.4999', 'RMSE': '1.2247', 'MAE': '0.7090', 'R2': '0.7984', 'train_r2': '0.9909'}
Bagging-nest500-r5223830:  {'MSE': '1.5674', 'RMSE': '1.2520', 'MAE': '0.7010', 'R2': '0.7894', 'train_r2': '0.9909'}
Bagging-nest500-r5586015:  {'MSE': '1.6827', 'RMSE': '1.2972', 'MAE': '0.7274', 'R2': '0.7739', 'train_r2': '0.9906'}
Bagging-nest500-r7021047:  {'MSE': '1.5444', 'RMSE': '1.2427', 'MAE': '0.7119', 'R2': '0.7925', 'train_r2': '0.9909'}
Bagging-nest500-r8999440:  {'MSE': '1.4151', 'RMSE': '1.1896', 'MAE': '0.6894', 'R2': '0.8098', 'train_r2': '0.9912'}
Bagging-nest500-r7749134:  {'MSE': '1.5086', 'RMSE': '1.2282', 'MAE': '0.6981', 'R2': '0.7973', 'train_r2': '0.9909'}
Bagging-nest500-r5818267:  {'MSE': '1.5623', 'RMSE': '1.2499', 'MAE': '0.7075', 'R2': '0.7901', 'train_r2': '0.9910'}
Bagging-nest500-r2929316:  {'MSE': '1.5552', 'RMSE': '1.2471', 'MAE': '0.7092', 'R2': '0.7910', 'train_r2': '0.9910'}
Bagging-nest500-r9652005:  {'MSE': '1.6834', 'RMSE': '1.2975', 'MAE': '0.7257', 'R2': '0.7738', 'train_r2': '0.9906'}

Test accuracy for 臀部温度-4:
Bagging-nest20-r1804990:  {'MSE': '1.2899', 'RMSE': '1.1358', 'MAE': '0.6824', 'R2': '0.8553', 'train_r2': '0.9904'}
Bagging-nest20-r3442629:  {'MSE': '1.3671', 'RMSE': '1.1692', 'MAE': '0.6961', 'R2': '0.8466', 'train_r2': '0.9893'}
Bagging-nest20-r9501102:  {'MSE': '1.5329', 'RMSE': '1.2381', 'MAE': '0.7574', 'R2': '0.8280', 'train_r2': '0.9891'}
Bagging-nest20-r3591007:  {'MSE': '1.5304', 'RMSE': '1.2371', 'MAE': '0.7246', 'R2': '0.8283', 'train_r2': '0.9893'}
Bagging-nest20-r721167:  {'MSE': '0.6640', 'RMSE': '0.8149', 'MAE': '0.5945', 'R2': '0.9255', 'train_r2': '0.9912'}
Bagging-nest20-r6480643:  {'MSE': '1.5784', 'RMSE': '1.2563', 'MAE': '0.7430', 'R2': '0.8229', 'train_r2': '0.9909'}
Bagging-nest20-r2765486:  {'MSE': '1.2702', 'RMSE': '1.1270', 'MAE': '0.6879', 'R2': '0.8575', 'train_r2': '0.9915'}
Bagging-nest20-r7236587:  {'MSE': '1.1623', 'RMSE': '1.0781', 'MAE': '0.7262', 'R2': '0.8696', 'train_r2': '0.9900'}
Bagging-nest20-r8369163:  {'MSE': '1.4224', 'RMSE': '1.1926', 'MAE': '0.7563', 'R2': '0.8404', 'train_r2': '0.9914'}
Bagging-nest20-r9240657:  {'MSE': '1.4817', 'RMSE': '1.2172', 'MAE': '0.7543', 'R2': '0.8337', 'train_r2': '0.9883'}
Bagging-nest20-r9438010:  {'MSE': '1.3850', 'RMSE': '1.1769', 'MAE': '0.6934', 'R2': '0.8446', 'train_r2': '0.9917'}
Bagging-nest20-r8899777:  {'MSE': '1.5293', 'RMSE': '1.2367', 'MAE': '0.7262', 'R2': '0.8284', 'train_r2': '0.9910'}
Bagging-nest20-r7219529:  {'MSE': '1.5948', 'RMSE': '1.2629', 'MAE': '0.7488', 'R2': '0.8211', 'train_r2': '0.9897'}
Bagging-nest20-r4925547:  {'MSE': '1.3249', 'RMSE': '1.1510', 'MAE': '0.7617', 'R2': '0.8513', 'train_r2': '0.9905'}
Bagging-nest20-r4585454:  {'MSE': '1.5300', 'RMSE': '1.2369', 'MAE': '0.7562', 'R2': '0.8283', 'train_r2': '0.9898'}
Bagging-nest20-r4569369:  {'MSE': '1.3627', 'RMSE': '1.1674', 'MAE': '0.6535', 'R2': '0.8471', 'train_r2': '0.9900'}
Bagging-nest20-r7146113:  {'MSE': '1.2968', 'RMSE': '1.1388', 'MAE': '0.6730', 'R2': '0.8545', 'train_r2': '0.9896'}
Bagging-nest20-r3128516:  {'MSE': '1.1135', 'RMSE': '1.0552', 'MAE': '0.6773', 'R2': '0.8751', 'train_r2': '0.9900'}
Bagging-nest20-r3392274:  {'MSE': '1.5346', 'RMSE': '1.2388', 'MAE': '0.7797', 'R2': '0.8278', 'train_r2': '0.9889'}
Bagging-nest20-r9852664:  {'MSE': '1.5917', 'RMSE': '1.2616', 'MAE': '0.7762', 'R2': '0.8214', 'train_r2': '0.9889'}
Bagging-nest50-r4254715:  {'MSE': '1.5042', 'RMSE': '1.2265', 'MAE': '0.7228', 'R2': '0.8312', 'train_r2': '0.9917'}
Bagging-nest50-r1716484:  {'MSE': '1.3579', 'RMSE': '1.1653', 'MAE': '0.7144', 'R2': '0.8476', 'train_r2': '0.9928'}
Bagging-nest50-r9012842:  {'MSE': '1.3565', 'RMSE': '1.1647', 'MAE': '0.7017', 'R2': '0.8478', 'train_r2': '0.9921'}
Bagging-nest50-r5126472:  {'MSE': '1.5951', 'RMSE': '1.2630', 'MAE': '0.7397', 'R2': '0.8210', 'train_r2': '0.9925'}
Bagging-nest50-r771174:  {'MSE': '1.3298', 'RMSE': '1.1532', 'MAE': '0.6475', 'R2': '0.8508', 'train_r2': '0.9923'}
Bagging-nest50-r2766128:  {'MSE': '1.2523', 'RMSE': '1.1190', 'MAE': '0.7173', 'R2': '0.8595', 'train_r2': '0.9921'}
Bagging-nest50-r2163701:  {'MSE': '1.4074', 'RMSE': '1.1864', 'MAE': '0.7244', 'R2': '0.8421', 'train_r2': '0.9914'}
Bagging-nest50-r986619:  {'MSE': '1.1498', 'RMSE': '1.0723', 'MAE': '0.6859', 'R2': '0.8710', 'train_r2': '0.9929'}
Bagging-nest50-r4202209:  {'MSE': '1.4026', 'RMSE': '1.1843', 'MAE': '0.7328', 'R2': '0.8426', 'train_r2': '0.9927'}
Bagging-nest50-r2454704:  {'MSE': '1.1583', 'RMSE': '1.0762', 'MAE': '0.6687', 'R2': '0.8700', 'train_r2': '0.9913'}
Bagging-nest50-r6259992:  {'MSE': '1.3049', 'RMSE': '1.1423', 'MAE': '0.7231', 'R2': '0.8536', 'train_r2': '0.9920'}
Bagging-nest50-r8368637:  {'MSE': '1.4403', 'RMSE': '1.2001', 'MAE': '0.7023', 'R2': '0.8384', 'train_r2': '0.9930'}
Bagging-nest50-r5142229:  {'MSE': '1.4283', 'RMSE': '1.1951', 'MAE': '0.7217', 'R2': '0.8397', 'train_r2': '0.9920'}
Bagging-nest50-r3662974:  {'MSE': '1.4667', 'RMSE': '1.2111', 'MAE': '0.6900', 'R2': '0.8354', 'train_r2': '0.9918'}
Bagging-nest50-r8578849:  {'MSE': '1.3573', 'RMSE': '1.1650', 'MAE': '0.7391', 'R2': '0.8477', 'train_r2': '0.9920'}
Bagging-nest50-r1217493:  {'MSE': '1.5959', 'RMSE': '1.2633', 'MAE': '0.7556', 'R2': '0.8209', 'train_r2': '0.9920'}
Bagging-nest50-r1850786:  {'MSE': '1.2862', 'RMSE': '1.1341', 'MAE': '0.6834', 'R2': '0.8557', 'train_r2': '0.9920'}
Bagging-nest50-r7379905:  {'MSE': '1.4983', 'RMSE': '1.2241', 'MAE': '0.7348', 'R2': '0.8319', 'train_r2': '0.9913'}
Bagging-nest50-r1887298:  {'MSE': '1.2658', 'RMSE': '1.1251', 'MAE': '0.7034', 'R2': '0.8580', 'train_r2': '0.9922'}
Bagging-nest50-r9663837:  {'MSE': '1.4365', 'RMSE': '1.1985', 'MAE': '0.7497', 'R2': '0.8388', 'train_r2': '0.9923'}
Bagging-nest100-r9965349:  {'MSE': '1.2684', 'RMSE': '1.1262', 'MAE': '0.7059', 'R2': '0.8577', 'train_r2': '0.9932'}
Bagging-nest100-r9957508:  {'MSE': '1.5357', 'RMSE': '1.2392', 'MAE': '0.7527', 'R2': '0.8277', 'train_r2': '0.9926'}
Bagging-nest100-r7467892:  {'MSE': '1.4387', 'RMSE': '1.1995', 'MAE': '0.7320', 'R2': '0.8386', 'train_r2': '0.9929'}
Bagging-nest100-r1728692:  {'MSE': '1.5203', 'RMSE': '1.2330', 'MAE': '0.7421', 'R2': '0.8294', 'train_r2': '0.9929'}
Bagging-nest100-r1212251:  {'MSE': '1.3474', 'RMSE': '1.1608', 'MAE': '0.7159', 'R2': '0.8488', 'train_r2': '0.9931'}
Bagging-nest100-r4647157:  {'MSE': '1.6450', 'RMSE': '1.2826', 'MAE': '0.7759', 'R2': '0.8154', 'train_r2': '0.9921'}
Bagging-nest100-r3995638:  {'MSE': '1.4006', 'RMSE': '1.1835', 'MAE': '0.7323', 'R2': '0.8428', 'train_r2': '0.9928'}
Bagging-nest100-r8428463:  {'MSE': '1.5085', 'RMSE': '1.2282', 'MAE': '0.7341', 'R2': '0.8307', 'train_r2': '0.9930'}
Bagging-nest100-r2996343:  {'MSE': '1.4244', 'RMSE': '1.1935', 'MAE': '0.7370', 'R2': '0.8402', 'train_r2': '0.9929'}
Bagging-nest100-r4114038:  {'MSE': '1.4284', 'RMSE': '1.1952', 'MAE': '0.7030', 'R2': '0.8397', 'train_r2': '0.9929'}
Bagging-nest100-r5336133:  {'MSE': '1.4217', 'RMSE': '1.1923', 'MAE': '0.7155', 'R2': '0.8405', 'train_r2': '0.9927'}
Bagging-nest100-r9253178:  {'MSE': '1.4877', 'RMSE': '1.2197', 'MAE': '0.7328', 'R2': '0.8331', 'train_r2': '0.9929'}
Bagging-nest100-r6811668:  {'MSE': '1.3505', 'RMSE': '1.1621', 'MAE': '0.7050', 'R2': '0.8485', 'train_r2': '0.9929'}
Bagging-nest100-r7779932:  {'MSE': '1.2600', 'RMSE': '1.1225', 'MAE': '0.6777', 'R2': '0.8586', 'train_r2': '0.9933'}
Bagging-nest100-r4717792:  {'MSE': '1.5678', 'RMSE': '1.2521', 'MAE': '0.7488', 'R2': '0.8241', 'train_r2': '0.9928'}
Bagging-nest100-r2276835:  {'MSE': '1.3825', 'RMSE': '1.1758', 'MAE': '0.7148', 'R2': '0.8449', 'train_r2': '0.9931'}
Bagging-nest100-r2933950:  {'MSE': '1.5744', 'RMSE': '1.2547', 'MAE': '0.7532', 'R2': '0.8233', 'train_r2': '0.9928'}
Bagging-nest100-r319223:  {'MSE': '1.2552', 'RMSE': '1.1204', 'MAE': '0.6778', 'R2': '0.8592', 'train_r2': '0.9931'}
Bagging-nest100-r4190619:  {'MSE': '1.5358', 'RMSE': '1.2393', 'MAE': '0.7393', 'R2': '0.8277', 'train_r2': '0.9925'}
Bagging-nest100-r4373014:  {'MSE': '1.3962', 'RMSE': '1.1816', 'MAE': '0.7448', 'R2': '0.8433', 'train_r2': '0.9923'}
Bagging-nest200-r4917610:  {'MSE': '1.3450', 'RMSE': '1.1598', 'MAE': '0.7129', 'R2': '0.8491', 'train_r2': '0.9928'}
Bagging-nest200-r5743224:  {'MSE': '1.3394', 'RMSE': '1.1573', 'MAE': '0.6977', 'R2': '0.8497', 'train_r2': '0.9935'}
Bagging-nest200-r8685592:  {'MSE': '1.4701', 'RMSE': '1.2125', 'MAE': '0.7266', 'R2': '0.8350', 'train_r2': '0.9930'}
Bagging-nest200-r8117924:  {'MSE': '1.2930', 'RMSE': '1.1371', 'MAE': '0.7031', 'R2': '0.8549', 'train_r2': '0.9933'}
Bagging-nest200-r4709117:  {'MSE': '1.2529', 'RMSE': '1.1193', 'MAE': '0.6850', 'R2': '0.8594', 'train_r2': '0.9934'}
Bagging-nest200-r2898522:  {'MSE': '1.3621', 'RMSE': '1.1671', 'MAE': '0.7115', 'R2': '0.8472', 'train_r2': '0.9929'}
Bagging-nest200-r6290794:  {'MSE': '1.3024', 'RMSE': '1.1412', 'MAE': '0.6991', 'R2': '0.8539', 'train_r2': '0.9933'}
Bagging-nest200-r3459742:  {'MSE': '1.3575', 'RMSE': '1.1651', 'MAE': '0.7134', 'R2': '0.8477', 'train_r2': '0.9930'}
Bagging-nest200-r3177010:  {'MSE': '1.3775', 'RMSE': '1.1737', 'MAE': '0.7289', 'R2': '0.8454', 'train_r2': '0.9927'}
Bagging-nest200-r5728199:  {'MSE': '1.3921', 'RMSE': '1.1799', 'MAE': '0.7366', 'R2': '0.8438', 'train_r2': '0.9930'}
Bagging-nest200-r9708284:  {'MSE': '1.4277', 'RMSE': '1.1949', 'MAE': '0.7257', 'R2': '0.8398', 'train_r2': '0.9924'}
Bagging-nest200-r4873979:  {'MSE': '1.3322', 'RMSE': '1.1542', 'MAE': '0.7129', 'R2': '0.8505', 'train_r2': '0.9929'}
Bagging-nest200-r6410016:  {'MSE': '1.3324', 'RMSE': '1.1543', 'MAE': '0.7292', 'R2': '0.8505', 'train_r2': '0.9935'}
Bagging-nest200-r9473195:  {'MSE': '1.3202', 'RMSE': '1.1490', 'MAE': '0.7066', 'R2': '0.8519', 'train_r2': '0.9935'}
Bagging-nest200-r2546897:  {'MSE': '1.3846', 'RMSE': '1.1767', 'MAE': '0.7082', 'R2': '0.8446', 'train_r2': '0.9931'}
Bagging-nest200-r5614697:  {'MSE': '1.3249', 'RMSE': '1.1510', 'MAE': '0.7086', 'R2': '0.8513', 'train_r2': '0.9933'}
Bagging-nest200-r6856450:  {'MSE': '1.2271', 'RMSE': '1.1077', 'MAE': '0.6773', 'R2': '0.8623', 'train_r2': '0.9936'}
Bagging-nest200-r6772664:  {'MSE': '1.3815', 'RMSE': '1.1754', 'MAE': '0.7063', 'R2': '0.8450', 'train_r2': '0.9934'}
Bagging-nest200-r4545066:  {'MSE': '1.3585', 'RMSE': '1.1655', 'MAE': '0.6985', 'R2': '0.8476', 'train_r2': '0.9933'}
Bagging-nest200-r5412677:  {'MSE': '1.4262', 'RMSE': '1.1942', 'MAE': '0.7447', 'R2': '0.8400', 'train_r2': '0.9930'}
Bagging-nest300-r4157464:  {'MSE': '1.3456', 'RMSE': '1.1600', 'MAE': '0.7072', 'R2': '0.8490', 'train_r2': '0.9931'}
Bagging-nest300-r647071:  {'MSE': '1.3407', 'RMSE': '1.1579', 'MAE': '0.7160', 'R2': '0.8496', 'train_r2': '0.9930'}
Bagging-nest300-r9194736:  {'MSE': '1.2780', 'RMSE': '1.1305', 'MAE': '0.7064', 'R2': '0.8566', 'train_r2': '0.9931'}
Bagging-nest300-r741076:  {'MSE': '1.3599', 'RMSE': '1.1662', 'MAE': '0.7059', 'R2': '0.8474', 'train_r2': '0.9935'}
Bagging-nest300-r7580443:  {'MSE': '1.3358', 'RMSE': '1.1558', 'MAE': '0.7146', 'R2': '0.8501', 'train_r2': '0.9932'}
Bagging-nest300-r3042842:  {'MSE': '1.4454', 'RMSE': '1.2022', 'MAE': '0.7334', 'R2': '0.8378', 'train_r2': '0.9935'}
Bagging-nest300-r1688906:  {'MSE': '1.3309', 'RMSE': '1.1536', 'MAE': '0.7226', 'R2': '0.8507', 'train_r2': '0.9932'}
Bagging-nest300-r6772960:  {'MSE': '1.3937', 'RMSE': '1.1806', 'MAE': '0.7132', 'R2': '0.8436', 'train_r2': '0.9932'}
Bagging-nest300-r8951873:  {'MSE': '1.2766', 'RMSE': '1.1299', 'MAE': '0.6940', 'R2': '0.8568', 'train_r2': '0.9937'}
Bagging-nest300-r3850848:  {'MSE': '1.3961', 'RMSE': '1.1816', 'MAE': '0.7220', 'R2': '0.8434', 'train_r2': '0.9932'}
Bagging-nest300-r8423383:  {'MSE': '1.3431', 'RMSE': '1.1589', 'MAE': '0.7208', 'R2': '0.8493', 'train_r2': '0.9932'}
Bagging-nest300-r3108069:  {'MSE': '1.3157', 'RMSE': '1.1471', 'MAE': '0.6954', 'R2': '0.8524', 'train_r2': '0.9934'}
Bagging-nest300-r9417151:  {'MSE': '1.3750', 'RMSE': '1.1726', 'MAE': '0.7128', 'R2': '0.8457', 'train_r2': '0.9932'}
Bagging-nest300-r177277:  {'MSE': '1.3660', 'RMSE': '1.1688', 'MAE': '0.7295', 'R2': '0.8467', 'train_r2': '0.9931'}
Bagging-nest300-r1303973:  {'MSE': '1.3896', 'RMSE': '1.1788', 'MAE': '0.7183', 'R2': '0.8441', 'train_r2': '0.9931'}
Bagging-nest300-r6981499:  {'MSE': '1.2442', 'RMSE': '1.1154', 'MAE': '0.6855', 'R2': '0.8604', 'train_r2': '0.9935'}
Bagging-nest300-r7213693:  {'MSE': '1.3922', 'RMSE': '1.1799', 'MAE': '0.7181', 'R2': '0.8438', 'train_r2': '0.9930'}
Bagging-nest300-r8392984:  {'MSE': '1.4004', 'RMSE': '1.1834', 'MAE': '0.7292', 'R2': '0.8429', 'train_r2': '0.9933'}
Bagging-nest300-r9139030:  {'MSE': '1.3880', 'RMSE': '1.1781', 'MAE': '0.7269', 'R2': '0.8443', 'train_r2': '0.9929'}
Bagging-nest300-r5884814:  {'MSE': '1.3640', 'RMSE': '1.1679', 'MAE': '0.7013', 'R2': '0.8470', 'train_r2': '0.9933'}
Bagging-nest500-r5322426:  {'MSE': '1.3489', 'RMSE': '1.1614', 'MAE': '0.7025', 'R2': '0.8486', 'train_r2': '0.9933'}
Bagging-nest500-r9523459:  {'MSE': '1.4519', 'RMSE': '1.2049', 'MAE': '0.7276', 'R2': '0.8371', 'train_r2': '0.9932'}
Bagging-nest500-r6626305:  {'MSE': '1.3618', 'RMSE': '1.1670', 'MAE': '0.7086', 'R2': '0.8472', 'train_r2': '0.9933'}
Bagging-nest500-r5287790:  {'MSE': '1.4168', 'RMSE': '1.1903', 'MAE': '0.7057', 'R2': '0.8410', 'train_r2': '0.9934'}
Bagging-nest500-r3076906:  {'MSE': '1.4008', 'RMSE': '1.1836', 'MAE': '0.7247', 'R2': '0.8428', 'train_r2': '0.9934'}
Bagging-nest500-r9869231:  {'MSE': '1.3849', 'RMSE': '1.1768', 'MAE': '0.7149', 'R2': '0.8446', 'train_r2': '0.9935'}
Bagging-nest500-r2162751:  {'MSE': '1.3663', 'RMSE': '1.1689', 'MAE': '0.7253', 'R2': '0.8467', 'train_r2': '0.9932'}
Bagging-nest500-r8194134:  {'MSE': '1.2553', 'RMSE': '1.1204', 'MAE': '0.6878', 'R2': '0.8592', 'train_r2': '0.9936'}
Bagging-nest500-r4877297:  {'MSE': '1.2524', 'RMSE': '1.1191', 'MAE': '0.6839', 'R2': '0.8595', 'train_r2': '0.9937'}
Bagging-nest500-r6906897:  {'MSE': '1.2817', 'RMSE': '1.1321', 'MAE': '0.6971', 'R2': '0.8562', 'train_r2': '0.9935'}
Bagging-nest500-r839793:  {'MSE': '1.3190', 'RMSE': '1.1485', 'MAE': '0.7007', 'R2': '0.8520', 'train_r2': '0.9937'}
Bagging-nest500-r9066022:  {'MSE': '1.3108', 'RMSE': '1.1449', 'MAE': '0.7032', 'R2': '0.8529', 'train_r2': '0.9934'}
Bagging-nest500-r8716887:  {'MSE': '1.2928', 'RMSE': '1.1370', 'MAE': '0.6950', 'R2': '0.8549', 'train_r2': '0.9936'}
Bagging-nest500-r5299728:  {'MSE': '1.3973', 'RMSE': '1.1821', 'MAE': '0.7219', 'R2': '0.8432', 'train_r2': '0.9935'}
Bagging-nest500-r4798646:  {'MSE': '1.4546', 'RMSE': '1.2061', 'MAE': '0.7248', 'R2': '0.8368', 'train_r2': '0.9935'}
Bagging-nest500-r8387174:  {'MSE': '1.3205', 'RMSE': '1.1491', 'MAE': '0.6956', 'R2': '0.8518', 'train_r2': '0.9935'}
Bagging-nest500-r5513951:  {'MSE': '1.3601', 'RMSE': '1.1662', 'MAE': '0.7101', 'R2': '0.8474', 'train_r2': '0.9935'}
Bagging-nest500-r6129445:  {'MSE': '1.4349', 'RMSE': '1.1979', 'MAE': '0.7153', 'R2': '0.8390', 'train_r2': '0.9935'}
Bagging-nest500-r6954156:  {'MSE': '1.3459', 'RMSE': '1.1601', 'MAE': '0.7117', 'R2': '0.8490', 'train_r2': '0.9935'}
Bagging-nest500-r6353405:  {'MSE': '1.3295', 'RMSE': '1.1530', 'MAE': '0.6994', 'R2': '0.8508', 'train_r2': '0.9934'}

Test accuracy for 大腿温度-5:
Bagging-nest20-r4593625:  {'MSE': '1.0866', 'RMSE': '1.0424', 'MAE': '0.7012', 'R2': '0.9416', 'train_r2': '0.9932'}
Bagging-nest20-r9224286:  {'MSE': '1.2385', 'RMSE': '1.1129', 'MAE': '0.7777', 'R2': '0.9334', 'train_r2': '0.9921'}
Bagging-nest20-r2654377:  {'MSE': '1.0919', 'RMSE': '1.0449', 'MAE': '0.6965', 'R2': '0.9413', 'train_r2': '0.9920'}
Bagging-nest20-r1019624:  {'MSE': '1.3847', 'RMSE': '1.1767', 'MAE': '0.7793', 'R2': '0.9255', 'train_r2': '0.9925'}
Bagging-nest20-r6558066:  {'MSE': '1.1948', 'RMSE': '1.0931', 'MAE': '0.7410', 'R2': '0.9357', 'train_r2': '0.9899'}
Bagging-nest20-r9699634:  {'MSE': '1.1877', 'RMSE': '1.0898', 'MAE': '0.7262', 'R2': '0.9361', 'train_r2': '0.9910'}
Bagging-nest20-r6333956:  {'MSE': '1.3856', 'RMSE': '1.1771', 'MAE': '0.7145', 'R2': '0.9255', 'train_r2': '0.9907'}
Bagging-nest20-r9932062:  {'MSE': '1.2490', 'RMSE': '1.1176', 'MAE': '0.6996', 'R2': '0.9328', 'train_r2': '0.9933'}
Bagging-nest20-r4727960:  {'MSE': '1.1913', 'RMSE': '1.0915', 'MAE': '0.7531', 'R2': '0.9359', 'train_r2': '0.9926'}
Bagging-nest20-r262013:  {'MSE': '1.0815', 'RMSE': '1.0400', 'MAE': '0.7188', 'R2': '0.9418', 'train_r2': '0.9918'}
Bagging-nest20-r999135:  {'MSE': '1.0311', 'RMSE': '1.0155', 'MAE': '0.6980', 'R2': '0.9445', 'train_r2': '0.9933'}
Bagging-nest20-r8640150:  {'MSE': '1.3590', 'RMSE': '1.1657', 'MAE': '0.7465', 'R2': '0.9269', 'train_r2': '0.9917'}
Bagging-nest20-r2620724:  {'MSE': '1.4320', 'RMSE': '1.1966', 'MAE': '0.8215', 'R2': '0.9230', 'train_r2': '0.9922'}
Bagging-nest20-r3386055:  {'MSE': '1.5968', 'RMSE': '1.2636', 'MAE': '0.8297', 'R2': '0.9141', 'train_r2': '0.9925'}
Bagging-nest20-r5001721:  {'MSE': '1.6192', 'RMSE': '1.2725', 'MAE': '0.8254', 'R2': '0.9129', 'train_r2': '0.9915'}
Bagging-nest20-r9608774:  {'MSE': '1.5869', 'RMSE': '1.2597', 'MAE': '0.8238', 'R2': '0.9147', 'train_r2': '0.9911'}
Bagging-nest20-r6169215:  {'MSE': '0.8971', 'RMSE': '0.9472', 'MAE': '0.6453', 'R2': '0.9517', 'train_r2': '0.9938'}
Bagging-nest20-r7007238:  {'MSE': '1.4566', 'RMSE': '1.2069', 'MAE': '0.7879', 'R2': '0.9217', 'train_r2': '0.9921'}
Bagging-nest20-r6809752:  {'MSE': '1.7617', 'RMSE': '1.3273', 'MAE': '0.7594', 'R2': '0.9053', 'train_r2': '0.9926'}
Bagging-nest20-r2518644:  {'MSE': '1.2382', 'RMSE': '1.1127', 'MAE': '0.7645', 'R2': '0.9334', 'train_r2': '0.9923'}
Bagging-nest50-r7039358:  {'MSE': '1.1304', 'RMSE': '1.0632', 'MAE': '0.6881', 'R2': '0.9392', 'train_r2': '0.9937'}
Bagging-nest50-r7725062:  {'MSE': '1.1764', 'RMSE': '1.0846', 'MAE': '0.7178', 'R2': '0.9367', 'train_r2': '0.9945'}
Bagging-nest50-r6133533:  {'MSE': '1.0843', 'RMSE': '1.0413', 'MAE': '0.7089', 'R2': '0.9417', 'train_r2': '0.9934'}
Bagging-nest50-r1247630:  {'MSE': '1.1751', 'RMSE': '1.0840', 'MAE': '0.7247', 'R2': '0.9368', 'train_r2': '0.9936'}
Bagging-nest50-r8629052:  {'MSE': '1.2522', 'RMSE': '1.1190', 'MAE': '0.7294', 'R2': '0.9327', 'train_r2': '0.9946'}
Bagging-nest50-r2821035:  {'MSE': '1.1646', 'RMSE': '1.0792', 'MAE': '0.6669', 'R2': '0.9374', 'train_r2': '0.9947'}
Bagging-nest50-r6270540:  {'MSE': '1.3701', 'RMSE': '1.1705', 'MAE': '0.7367', 'R2': '0.9263', 'train_r2': '0.9937'}
Bagging-nest50-r8229168:  {'MSE': '1.1359', 'RMSE': '1.0658', 'MAE': '0.6887', 'R2': '0.9389', 'train_r2': '0.9936'}
Bagging-nest50-r9717816:  {'MSE': '1.4017', 'RMSE': '1.1839', 'MAE': '0.7789', 'R2': '0.9246', 'train_r2': '0.9938'}
Bagging-nest50-r6031916:  {'MSE': '1.1746', 'RMSE': '1.0838', 'MAE': '0.7228', 'R2': '0.9368', 'train_r2': '0.9934'}
Bagging-nest50-r4232715:  {'MSE': '1.5542', 'RMSE': '1.2467', 'MAE': '0.7613', 'R2': '0.9164', 'train_r2': '0.9936'}
Bagging-nest50-r2378359:  {'MSE': '1.1253', 'RMSE': '1.0608', 'MAE': '0.7097', 'R2': '0.9395', 'train_r2': '0.9943'}
Bagging-nest50-r2268520:  {'MSE': '1.1288', 'RMSE': '1.0624', 'MAE': '0.6886', 'R2': '0.9393', 'train_r2': '0.9935'}
Bagging-nest50-r602796:  {'MSE': '0.8106', 'RMSE': '0.9003', 'MAE': '0.6608', 'R2': '0.9564', 'train_r2': '0.9948'}
Bagging-nest50-r6080135:  {'MSE': '1.0422', 'RMSE': '1.0209', 'MAE': '0.6941', 'R2': '0.9439', 'train_r2': '0.9940'}
Bagging-nest50-r5235681:  {'MSE': '1.2588', 'RMSE': '1.1220', 'MAE': '0.7441', 'R2': '0.9323', 'train_r2': '0.9940'}
Bagging-nest50-r6464686:  {'MSE': '1.1000', 'RMSE': '1.0488', 'MAE': '0.6891', 'R2': '0.9408', 'train_r2': '0.9938'}
Bagging-nest50-r6893580:  {'MSE': '0.8591', 'RMSE': '0.9269', 'MAE': '0.6567', 'R2': '0.9538', 'train_r2': '0.9940'}
Bagging-nest50-r1828940:  {'MSE': '1.3997', 'RMSE': '1.1831', 'MAE': '0.7466', 'R2': '0.9247', 'train_r2': '0.9929'}
Bagging-nest50-r2398901:  {'MSE': '0.8872', 'RMSE': '0.9419', 'MAE': '0.6775', 'R2': '0.9523', 'train_r2': '0.9948'}
Bagging-nest100-r2245858:  {'MSE': '1.0011', 'RMSE': '1.0005', 'MAE': '0.6741', 'R2': '0.9462', 'train_r2': '0.9950'}
Bagging-nest100-r7786399:  {'MSE': '0.9850', 'RMSE': '0.9925', 'MAE': '0.6604', 'R2': '0.9470', 'train_r2': '0.9947'}
Bagging-nest100-r2470396:  {'MSE': '1.1141', 'RMSE': '1.0555', 'MAE': '0.6856', 'R2': '0.9401', 'train_r2': '0.9945'}
Bagging-nest100-r8579341:  {'MSE': '0.9198', 'RMSE': '0.9590', 'MAE': '0.6590', 'R2': '0.9505', 'train_r2': '0.9948'}
Bagging-nest100-r4238255:  {'MSE': '1.3168', 'RMSE': '1.1475', 'MAE': '0.7561', 'R2': '0.9292', 'train_r2': '0.9943'}
Bagging-nest100-r2570517:  {'MSE': '1.2974', 'RMSE': '1.1390', 'MAE': '0.7372', 'R2': '0.9302', 'train_r2': '0.9945'}
Bagging-nest100-r7536562:  {'MSE': '1.2034', 'RMSE': '1.0970', 'MAE': '0.7191', 'R2': '0.9353', 'train_r2': '0.9950'}
Bagging-nest100-r1901852:  {'MSE': '1.0910', 'RMSE': '1.0445', 'MAE': '0.6803', 'R2': '0.9413', 'train_r2': '0.9950'}
Bagging-nest100-r8342420:  {'MSE': '0.9347', 'RMSE': '0.9668', 'MAE': '0.6593', 'R2': '0.9497', 'train_r2': '0.9952'}
Bagging-nest100-r8328560:  {'MSE': '1.1596', 'RMSE': '1.0769', 'MAE': '0.7295', 'R2': '0.9376', 'train_r2': '0.9944'}
Bagging-nest100-r3160085:  {'MSE': '1.2513', 'RMSE': '1.1186', 'MAE': '0.7228', 'R2': '0.9327', 'train_r2': '0.9940'}
Bagging-nest100-r9920692:  {'MSE': '0.8006', 'RMSE': '0.8948', 'MAE': '0.6215', 'R2': '0.9569', 'train_r2': '0.9953'}
Bagging-nest100-r9053628:  {'MSE': '1.3118', 'RMSE': '1.1454', 'MAE': '0.7140', 'R2': '0.9294', 'train_r2': '0.9934'}
Bagging-nest100-r8427246:  {'MSE': '1.1324', 'RMSE': '1.0641', 'MAE': '0.6982', 'R2': '0.9391', 'train_r2': '0.9943'}
Bagging-nest100-r2037948:  {'MSE': '1.0833', 'RMSE': '1.0408', 'MAE': '0.6817', 'R2': '0.9417', 'train_r2': '0.9950'}
Bagging-nest100-r8288620:  {'MSE': '0.9426', 'RMSE': '0.9709', 'MAE': '0.6708', 'R2': '0.9493', 'train_r2': '0.9945'}
Bagging-nest100-r1891467:  {'MSE': '1.2695', 'RMSE': '1.1267', 'MAE': '0.7181', 'R2': '0.9317', 'train_r2': '0.9937'}
Bagging-nest100-r2463453:  {'MSE': '1.0536', 'RMSE': '1.0265', 'MAE': '0.7087', 'R2': '0.9433', 'train_r2': '0.9942'}
Bagging-nest100-r1979484:  {'MSE': '1.1862', 'RMSE': '1.0891', 'MAE': '0.7352', 'R2': '0.9362', 'train_r2': '0.9945'}
Bagging-nest100-r7614707:  {'MSE': '1.3552', 'RMSE': '1.1641', 'MAE': '0.7647', 'R2': '0.9271', 'train_r2': '0.9941'}
Bagging-nest200-r7957715:  {'MSE': '1.1002', 'RMSE': '1.0489', 'MAE': '0.6893', 'R2': '0.9408', 'train_r2': '0.9949'}
Bagging-nest200-r9397697:  {'MSE': '1.0767', 'RMSE': '1.0376', 'MAE': '0.6716', 'R2': '0.9421', 'train_r2': '0.9951'}
Bagging-nest200-r5448559:  {'MSE': '1.0332', 'RMSE': '1.0165', 'MAE': '0.6798', 'R2': '0.9444', 'train_r2': '0.9948'}
Bagging-nest200-r4462426:  {'MSE': '1.0986', 'RMSE': '1.0481', 'MAE': '0.7072', 'R2': '0.9409', 'train_r2': '0.9950'}
Bagging-nest200-r6291714:  {'MSE': '1.2198', 'RMSE': '1.1044', 'MAE': '0.7144', 'R2': '0.9344', 'train_r2': '0.9947'}
Bagging-nest200-r5914708:  {'MSE': '1.1543', 'RMSE': '1.0744', 'MAE': '0.6946', 'R2': '0.9379', 'train_r2': '0.9947'}
Bagging-nest200-r3290903:  {'MSE': '1.2608', 'RMSE': '1.1229', 'MAE': '0.7245', 'R2': '0.9322', 'train_r2': '0.9948'}
Bagging-nest200-r6592532:  {'MSE': '0.9872', 'RMSE': '0.9936', 'MAE': '0.6711', 'R2': '0.9469', 'train_r2': '0.9948'}
Bagging-nest200-r479309:  {'MSE': '1.1426', 'RMSE': '1.0689', 'MAE': '0.7005', 'R2': '0.9385', 'train_r2': '0.9949'}
Bagging-nest200-r9140294:  {'MSE': '1.0966', 'RMSE': '1.0472', 'MAE': '0.6939', 'R2': '0.9410', 'train_r2': '0.9953'}
Bagging-nest200-r9538734:  {'MSE': '1.1562', 'RMSE': '1.0753', 'MAE': '0.7088', 'R2': '0.9378', 'train_r2': '0.9952'}
Bagging-nest200-r3622017:  {'MSE': '1.1490', 'RMSE': '1.0719', 'MAE': '0.7021', 'R2': '0.9382', 'train_r2': '0.9947'}
Bagging-nest200-r1966756:  {'MSE': '1.0127', 'RMSE': '1.0063', 'MAE': '0.6659', 'R2': '0.9455', 'train_r2': '0.9950'}
Bagging-nest200-r8230281:  {'MSE': '1.1715', 'RMSE': '1.0824', 'MAE': '0.6855', 'R2': '0.9370', 'train_r2': '0.9949'}
Bagging-nest200-r5472367:  {'MSE': '1.2126', 'RMSE': '1.1012', 'MAE': '0.7109', 'R2': '0.9348', 'train_r2': '0.9946'}
Bagging-nest200-r8166765:  {'MSE': '1.1448', 'RMSE': '1.0699', 'MAE': '0.7078', 'R2': '0.9384', 'train_r2': '0.9947'}
Bagging-nest200-r8506048:  {'MSE': '1.0771', 'RMSE': '1.0378', 'MAE': '0.6895', 'R2': '0.9421', 'train_r2': '0.9951'}
Bagging-nest200-r2871312:  {'MSE': '1.1546', 'RMSE': '1.0745', 'MAE': '0.6971', 'R2': '0.9379', 'train_r2': '0.9946'}
Bagging-nest200-r5358964:  {'MSE': '1.1408', 'RMSE': '1.0681', 'MAE': '0.7163', 'R2': '0.9386', 'train_r2': '0.9945'}
Bagging-nest200-r5830044:  {'MSE': '1.0084', 'RMSE': '1.0042', 'MAE': '0.6668', 'R2': '0.9458', 'train_r2': '0.9951'}
Bagging-nest300-r1504472:  {'MSE': '1.2627', 'RMSE': '1.1237', 'MAE': '0.7323', 'R2': '0.9321', 'train_r2': '0.9946'}
Bagging-nest300-r2097551:  {'MSE': '1.1208', 'RMSE': '1.0587', 'MAE': '0.6932', 'R2': '0.9397', 'train_r2': '0.9952'}
Bagging-nest300-r8513897:  {'MSE': '1.0633', 'RMSE': '1.0312', 'MAE': '0.6851', 'R2': '0.9428', 'train_r2': '0.9950'}
Bagging-nest300-r4022950:  {'MSE': '1.0801', 'RMSE': '1.0393', 'MAE': '0.6834', 'R2': '0.9419', 'train_r2': '0.9949'}
Bagging-nest300-r5148228:  {'MSE': '1.1038', 'RMSE': '1.0506', 'MAE': '0.6865', 'R2': '0.9406', 'train_r2': '0.9950'}
Bagging-nest300-r225662:  {'MSE': '1.0817', 'RMSE': '1.0400', 'MAE': '0.6904', 'R2': '0.9418', 'train_r2': '0.9950'}
Bagging-nest300-r4219398:  {'MSE': '1.2276', 'RMSE': '1.1080', 'MAE': '0.7093', 'R2': '0.9340', 'train_r2': '0.9950'}
Bagging-nest300-r7987526:  {'MSE': '1.0986', 'RMSE': '1.0481', 'MAE': '0.6926', 'R2': '0.9409', 'train_r2': '0.9951'}
Bagging-nest300-r5285490:  {'MSE': '1.2006', 'RMSE': '1.0957', 'MAE': '0.7163', 'R2': '0.9354', 'train_r2': '0.9949'}
Bagging-nest300-r7925920:  {'MSE': '1.0894', 'RMSE': '1.0437', 'MAE': '0.6927', 'R2': '0.9414', 'train_r2': '0.9949'}
Bagging-nest300-r6063091:  {'MSE': '1.0966', 'RMSE': '1.0472', 'MAE': '0.6871', 'R2': '0.9410', 'train_r2': '0.9950'}
Bagging-nest300-r9265700:  {'MSE': '1.0348', 'RMSE': '1.0173', 'MAE': '0.6774', 'R2': '0.9443', 'train_r2': '0.9951'}
Bagging-nest300-r604747:  {'MSE': '1.1384', 'RMSE': '1.0670', 'MAE': '0.6978', 'R2': '0.9388', 'train_r2': '0.9949'}
Bagging-nest300-r4408703:  {'MSE': '1.1201', 'RMSE': '1.0584', 'MAE': '0.6664', 'R2': '0.9398', 'train_r2': '0.9952'}
Bagging-nest300-r6931121:  {'MSE': '1.1311', 'RMSE': '1.0635', 'MAE': '0.7004', 'R2': '0.9392', 'train_r2': '0.9952'}
Bagging-nest300-r405134:  {'MSE': '1.1217', 'RMSE': '1.0591', 'MAE': '0.6857', 'R2': '0.9397', 'train_r2': '0.9948'}
Bagging-nest300-r1534048:  {'MSE': '0.9466', 'RMSE': '0.9730', 'MAE': '0.6582', 'R2': '0.9491', 'train_r2': '0.9955'}
Bagging-nest300-r5306472:  {'MSE': '0.9893', 'RMSE': '0.9946', 'MAE': '0.6820', 'R2': '0.9468', 'train_r2': '0.9950'}
Bagging-nest300-r8746660:  {'MSE': '0.9775', 'RMSE': '0.9887', 'MAE': '0.6719', 'R2': '0.9474', 'train_r2': '0.9953'}
Bagging-nest300-r5369099:  {'MSE': '0.9657', 'RMSE': '0.9827', 'MAE': '0.6507', 'R2': '0.9481', 'train_r2': '0.9953'}
Bagging-nest500-r4877474:  {'MSE': '1.1364', 'RMSE': '1.0660', 'MAE': '0.6897', 'R2': '0.9389', 'train_r2': '0.9952'}
Bagging-nest500-r1315596:  {'MSE': '1.0614', 'RMSE': '1.0302', 'MAE': '0.6810', 'R2': '0.9429', 'train_r2': '0.9952'}
Bagging-nest500-r5981826:  {'MSE': '1.0637', 'RMSE': '1.0314', 'MAE': '0.6765', 'R2': '0.9428', 'train_r2': '0.9949'}
Bagging-nest500-r6258266:  {'MSE': '1.0638', 'RMSE': '1.0314', 'MAE': '0.6841', 'R2': '0.9428', 'train_r2': '0.9953'}
Bagging-nest500-r7383101:  {'MSE': '1.1112', 'RMSE': '1.0541', 'MAE': '0.6955', 'R2': '0.9402', 'train_r2': '0.9950'}
Bagging-nest500-r5659823:  {'MSE': '0.9925', 'RMSE': '0.9962', 'MAE': '0.6828', 'R2': '0.9466', 'train_r2': '0.9950'}
Bagging-nest500-r2262403:  {'MSE': '1.0855', 'RMSE': '1.0419', 'MAE': '0.6864', 'R2': '0.9416', 'train_r2': '0.9953'}
Bagging-nest500-r8151939:  {'MSE': '1.1678', 'RMSE': '1.0807', 'MAE': '0.6975', 'R2': '0.9372', 'train_r2': '0.9950'}
Bagging-nest500-r5202927:  {'MSE': '1.0435', 'RMSE': '1.0215', 'MAE': '0.6811', 'R2': '0.9439', 'train_r2': '0.9951'}
Bagging-nest500-r8662451:  {'MSE': '1.1891', 'RMSE': '1.0904', 'MAE': '0.7028', 'R2': '0.9360', 'train_r2': '0.9949'}
Bagging-nest500-r9988960:  {'MSE': '1.0379', 'RMSE': '1.0188', 'MAE': '0.6737', 'R2': '0.9442', 'train_r2': '0.9953'}
Bagging-nest500-r63666:  {'MSE': '1.1325', 'RMSE': '1.0642', 'MAE': '0.6925', 'R2': '0.9391', 'train_r2': '0.9952'}
Bagging-nest500-r2769293:  {'MSE': '1.0627', 'RMSE': '1.0309', 'MAE': '0.6820', 'R2': '0.9428', 'train_r2': '0.9949'}
Bagging-nest500-r2239683:  {'MSE': '1.0558', 'RMSE': '1.0275', 'MAE': '0.6842', 'R2': '0.9432', 'train_r2': '0.9951'}
Bagging-nest500-r8421143:  {'MSE': '1.0585', 'RMSE': '1.0288', 'MAE': '0.6870', 'R2': '0.9431', 'train_r2': '0.9949'}
Bagging-nest500-r4414651:  {'MSE': '1.1211', 'RMSE': '1.0588', 'MAE': '0.6837', 'R2': '0.9397', 'train_r2': '0.9952'}
Bagging-nest500-r207649:  {'MSE': '0.9818', 'RMSE': '0.9909', 'MAE': '0.6657', 'R2': '0.9472', 'train_r2': '0.9952'}
Bagging-nest500-r4585248:  {'MSE': '1.0350', 'RMSE': '1.0174', 'MAE': '0.6741', 'R2': '0.9443', 'train_r2': '0.9951'}
Bagging-nest500-r6984047:  {'MSE': '1.0118', 'RMSE': '1.0059', 'MAE': '0.6766', 'R2': '0.9456', 'train_r2': '0.9950'}
Bagging-nest500-r7453513:  {'MSE': '1.0913', 'RMSE': '1.0447', 'MAE': '0.6836', 'R2': '0.9413', 'train_r2': '0.9950'}
