加热形式      -0.305936
上背温度       0.583136
腰部温度       0.532049
臀部温度       0.589641
大腿温度       0.617770
性别         0.153961
年龄         0.138902
身体症状       0.022653
加热开始PET   -0.138069
ΔTSV       1.000000
Name: ΔTSV, dtype: float64
性别         0.153961
BMI       -0.057464
身体症状       0.022653
代谢率        0.099253
工作平均PET   -0.124061
上臂温度      -0.121850
总热阻        0.025112
ΔTSV       1.000000
Name: ΔTSV, dtype: float64
加热形式      -0.201163
腰部温度       0.544276
性别         0.191566
年龄         0.021101
BMI       -0.057755
上衣热阻       0.040761
加热开始PET   -0.064815
代谢率        0.114599
上背温度       1.000000
Name: 上背温度, dtype: float64
加热形式      -0.296933
腰部温度       0.579441
性别         0.231706
年龄        -0.061515
BMI       -0.076521
上衣热阻      -0.053245
加热开始PET   -0.235487
代谢率        0.113715
裤装热阻       0.108841
臀部温度       1.000000
Name: 臀部温度, dtype: float64
腰部温度       0.463726
年龄         0.082612
BMI       -0.070601
上衣热阻       0.040260
加热开始PET   -0.212015
代谢率       -0.075474
裤装热阻       0.166188
大腿温度       1.000000
Name: 大腿温度, dtype: float64
指标:

Test accuracy for ΔTSV-1（温度）:
RandomForest-4848837:  {'MSE': '0.2614', 'RMSE': '0.5113', 'MAE': '0.3911', 'R2': '0.6517', 'train_r2': '0.8217'}
MLP-4848837:  {'MSE': '0.1963', 'RMSE': '0.4431', 'MAE': '0.3464', 'R2': '0.7385', 'train_r2': '0.8227'}
RandomForest-3277441:  {'MSE': '0.2700', 'RMSE': '0.5196', 'MAE': '0.3968', 'R2': '0.6404', 'train_r2': '0.8189'}
MLP-3277441:  {'MSE': '0.1352', 'RMSE': '0.3678', 'MAE': '0.2804', 'R2': '0.8198', 'train_r2': '0.8960'}
RandomForest-6190189:  {'MSE': '0.2589', 'RMSE': '0.5088', 'MAE': '0.3909', 'R2': '0.6551', 'train_r2': '0.8230'}
MLP-6190189:  {'MSE': '0.1627', 'RMSE': '0.4034', 'MAE': '0.3106', 'R2': '0.7833', 'train_r2': '0.8642'}
RandomForest-4341252:  {'MSE': '0.2607', 'RMSE': '0.5106', 'MAE': '0.3930', 'R2': '0.6527', 'train_r2': '0.8190'}
MLP-4341252:  {'MSE': '0.1595', 'RMSE': '0.3993', 'MAE': '0.3062', 'R2': '0.7876', 'train_r2': '0.8807'}
RandomForest-4381877:  {'MSE': '0.2605', 'RMSE': '0.5104', 'MAE': '0.3916', 'R2': '0.6530', 'train_r2': '0.8214'}
MLP-4381877:  {'MSE': '0.1708', 'RMSE': '0.4133', 'MAE': '0.3237', 'R2': '0.7725', 'train_r2': '0.8397'}
RandomForest-2123859:  {'MSE': '0.2614', 'RMSE': '0.5113', 'MAE': '0.3925', 'R2': '0.6518', 'train_r2': '0.8186'}
MLP-2123859:  {'MSE': '0.1947', 'RMSE': '0.4413', 'MAE': '0.3495', 'R2': '0.7406', 'train_r2': '0.8227'}
RandomForest-5838139:  {'MSE': '0.2598', 'RMSE': '0.5097', 'MAE': '0.3915', 'R2': '0.6539', 'train_r2': '0.8215'}
MLP-5838139:  {'MSE': '0.1689', 'RMSE': '0.4110', 'MAE': '0.3249', 'R2': '0.7750', 'train_r2': '0.8383'}
RandomForest-4969943:  {'MSE': '0.2606', 'RMSE': '0.5105', 'MAE': '0.3908', 'R2': '0.6528', 'train_r2': '0.8225'}
MLP-4969943:  {'MSE': '0.1844', 'RMSE': '0.4294', 'MAE': '0.3316', 'R2': '0.7544', 'train_r2': '0.8428'}
RandomForest-34095:  {'MSE': '0.2619', 'RMSE': '0.5117', 'MAE': '0.3904', 'R2': '0.6511', 'train_r2': '0.8199'}
MLP-34095:  {'MSE': '0.1308', 'RMSE': '0.3617', 'MAE': '0.2642', 'R2': '0.8258', 'train_r2': '0.8975'}
RandomForest-739673:  {'MSE': '0.2568', 'RMSE': '0.5068', 'MAE': '0.3865', 'R2': '0.6579', 'train_r2': '0.8208'}
MLP-739673:  {'MSE': '0.1014', 'RMSE': '0.3185', 'MAE': '0.2502', 'R2': '0.8649', 'train_r2': '0.9259'}
RandomForest-7317056:  {'MSE': '0.2607', 'RMSE': '0.5106', 'MAE': '0.3922', 'R2': '0.6527', 'train_r2': '0.8213'}
MLP-7317056:  {'MSE': '0.2075', 'RMSE': '0.4555', 'MAE': '0.3641', 'R2': '0.7236', 'train_r2': '0.8143'}
RandomForest-6741965:  {'MSE': '0.2648', 'RMSE': '0.5146', 'MAE': '0.3925', 'R2': '0.6473', 'train_r2': '0.8207'}
MLP-6741965:  {'MSE': '0.1153', 'RMSE': '0.3395', 'MAE': '0.2616', 'R2': '0.8464', 'train_r2': '0.9166'}
RandomForest-6553384:  {'MSE': '0.2654', 'RMSE': '0.5152', 'MAE': '0.3948', 'R2': '0.6464', 'train_r2': '0.8182'}
MLP-6553384:  {'MSE': '0.1733', 'RMSE': '0.4163', 'MAE': '0.3246', 'R2': '0.7691', 'train_r2': '0.8444'}
RandomForest-4074871:  {'MSE': '0.2589', 'RMSE': '0.5088', 'MAE': '0.3892', 'R2': '0.6552', 'train_r2': '0.8214'}
MLP-4074871:  {'MSE': '0.1905', 'RMSE': '0.4364', 'MAE': '0.3453', 'R2': '0.7463', 'train_r2': '0.8308'}
RandomForest-9648161:  {'MSE': '0.2580', 'RMSE': '0.5079', 'MAE': '0.3880', 'R2': '0.6563', 'train_r2': '0.8201'}
MLP-9648161:  {'MSE': '0.2027', 'RMSE': '0.4502', 'MAE': '0.3571', 'R2': '0.7300', 'train_r2': '0.8030'}
RandomForest-3393150:  {'MSE': '0.2654', 'RMSE': '0.5152', 'MAE': '0.3905', 'R2': '0.6464', 'train_r2': '0.8185'}
MLP-3393150:  {'MSE': '0.2217', 'RMSE': '0.4709', 'MAE': '0.3742', 'R2': '0.7046', 'train_r2': '0.7818'}
RandomForest-5720556:  {'MSE': '0.2612', 'RMSE': '0.5111', 'MAE': '0.3906', 'R2': '0.6520', 'train_r2': '0.8207'}
MLP-5720556:  {'MSE': '0.1478', 'RMSE': '0.3844', 'MAE': '0.2973', 'R2': '0.8032', 'train_r2': '0.8798'}
RandomForest-8497039:  {'MSE': '0.2599', 'RMSE': '0.5098', 'MAE': '0.3923', 'R2': '0.6538', 'train_r2': '0.8213'}
MLP-8497039:  {'MSE': '0.2104', 'RMSE': '0.4586', 'MAE': '0.3628', 'R2': '0.7198', 'train_r2': '0.8130'}
RandomForest-3923415:  {'MSE': '0.2614', 'RMSE': '0.5113', 'MAE': '0.3907', 'R2': '0.6518', 'train_r2': '0.8206'}
MLP-3923415:  {'MSE': '0.0996', 'RMSE': '0.3156', 'MAE': '0.2377', 'R2': '0.8673', 'train_r2': '0.9245'}
RandomForest-437066:  {'MSE': '0.2604', 'RMSE': '0.5103', 'MAE': '0.3891', 'R2': '0.6531', 'train_r2': '0.8193'}
MLP-437066:  {'MSE': '0.1234', 'RMSE': '0.3513', 'MAE': '0.2645', 'R2': '0.8356', 'train_r2': '0.9098'}

Test accuracy for ΔTSV-2:
RandomForest-6597922:  {'MSE': '0.3050', 'RMSE': '0.5522', 'MAE': '0.4254', 'R2': '0.5938', 'train_r2': '0.6994'}
MLP-6597922:  {'MSE': '0.2506', 'RMSE': '0.5006', 'MAE': '0.3767', 'R2': '0.6662', 'train_r2': '0.7510'}
RandomForest-5559336:  {'MSE': '0.3091', 'RMSE': '0.5559', 'MAE': '0.4235', 'R2': '0.5883', 'train_r2': '0.6942'}
MLP-5559336:  {'MSE': '0.1982', 'RMSE': '0.4452', 'MAE': '0.3440', 'R2': '0.7360', 'train_r2': '0.8076'}
RandomForest-4023481:  {'MSE': '0.3083', 'RMSE': '0.5552', 'MAE': '0.4283', 'R2': '0.5894', 'train_r2': '0.6923'}
MLP-4023481:  {'MSE': '0.1913', 'RMSE': '0.4374', 'MAE': '0.3220', 'R2': '0.7452', 'train_r2': '0.7854'}
RandomForest-9524702:  {'MSE': '0.3161', 'RMSE': '0.5622', 'MAE': '0.4338', 'R2': '0.5789', 'train_r2': '0.6935'}
MLP-9524702:  {'MSE': '0.1690', 'RMSE': '0.4111', 'MAE': '0.2900', 'R2': '0.7748', 'train_r2': '0.8202'}
RandomForest-2021129:  {'MSE': '0.3114', 'RMSE': '0.5581', 'MAE': '0.4312', 'R2': '0.5851', 'train_r2': '0.6940'}
MLP-2021129:  {'MSE': '0.2121', 'RMSE': '0.4605', 'MAE': '0.3455', 'R2': '0.7175', 'train_r2': '0.7998'}
RandomForest-4871888:  {'MSE': '0.3152', 'RMSE': '0.5614', 'MAE': '0.4289', 'R2': '0.5802', 'train_r2': '0.6916'}
MLP-4871888:  {'MSE': '0.2612', 'RMSE': '0.5111', 'MAE': '0.3926', 'R2': '0.6520', 'train_r2': '0.7458'}
RandomForest-2175875:  {'MSE': '0.3027', 'RMSE': '0.5502', 'MAE': '0.4220', 'R2': '0.5968', 'train_r2': '0.7013'}
MLP-2175875:  {'MSE': '0.2207', 'RMSE': '0.4698', 'MAE': '0.3516', 'R2': '0.7060', 'train_r2': '0.7585'}
RandomForest-7263650:  {'MSE': '0.3021', 'RMSE': '0.5496', 'MAE': '0.4209', 'R2': '0.5976', 'train_r2': '0.7009'}
MLP-7263650:  {'MSE': '0.1644', 'RMSE': '0.4055', 'MAE': '0.3077', 'R2': '0.7810', 'train_r2': '0.8382'}
RandomForest-9499879:  {'MSE': '0.3091', 'RMSE': '0.5559', 'MAE': '0.4263', 'R2': '0.5883', 'train_r2': '0.6949'}
MLP-9499879:  {'MSE': '0.2603', 'RMSE': '0.5102', 'MAE': '0.3936', 'R2': '0.6533', 'train_r2': '0.7301'}
RandomForest-640891:  {'MSE': '0.3034', 'RMSE': '0.5508', 'MAE': '0.4200', 'R2': '0.5959', 'train_r2': '0.7020'}
MLP-640891:  {'MSE': '0.1887', 'RMSE': '0.4344', 'MAE': '0.3206', 'R2': '0.7486', 'train_r2': '0.8063'}
RandomForest-6735913:  {'MSE': '0.3035', 'RMSE': '0.5509', 'MAE': '0.4215', 'R2': '0.5958', 'train_r2': '0.6993'}
MLP-6735913:  {'MSE': '0.1838', 'RMSE': '0.4287', 'MAE': '0.3162', 'R2': '0.7552', 'train_r2': '0.8290'}
RandomForest-2702295:  {'MSE': '0.3101', 'RMSE': '0.5569', 'MAE': '0.4317', 'R2': '0.5869', 'train_r2': '0.6955'}
MLP-2702295:  {'MSE': '0.1988', 'RMSE': '0.4459', 'MAE': '0.3417', 'R2': '0.7352', 'train_r2': '0.8148'}
RandomForest-1087572:  {'MSE': '0.3105', 'RMSE': '0.5572', 'MAE': '0.4272', 'R2': '0.5864', 'train_r2': '0.6954'}
MLP-1087572:  {'MSE': '0.1555', 'RMSE': '0.3944', 'MAE': '0.2890', 'R2': '0.7928', 'train_r2': '0.8516'}
RandomForest-5454641:  {'MSE': '0.3150', 'RMSE': '0.5613', 'MAE': '0.4335', 'R2': '0.5803', 'train_r2': '0.6931'}
MLP-5454641:  {'MSE': '0.2176', 'RMSE': '0.4665', 'MAE': '0.3463', 'R2': '0.7102', 'train_r2': '0.7717'}
RandomForest-5229212:  {'MSE': '0.3127', 'RMSE': '0.5592', 'MAE': '0.4325', 'R2': '0.5834', 'train_r2': '0.6986'}
MLP-5229212:  {'MSE': '0.2928', 'RMSE': '0.5411', 'MAE': '0.4196', 'R2': '0.6100', 'train_r2': '0.6682'}
RandomForest-6347531:  {'MSE': '0.3066', 'RMSE': '0.5537', 'MAE': '0.4229', 'R2': '0.5916', 'train_r2': '0.6959'}
MLP-6347531:  {'MSE': '0.3698', 'RMSE': '0.6081', 'MAE': '0.4799', 'R2': '0.5074', 'train_r2': '0.5813'}
RandomForest-4754321:  {'MSE': '0.3080', 'RMSE': '0.5550', 'MAE': '0.4249', 'R2': '0.5897', 'train_r2': '0.6988'}
MLP-4754321:  {'MSE': '0.3026', 'RMSE': '0.5501', 'MAE': '0.4349', 'R2': '0.5969', 'train_r2': '0.6841'}
RandomForest-3007507:  {'MSE': '0.3073', 'RMSE': '0.5544', 'MAE': '0.4269', 'R2': '0.5906', 'train_r2': '0.6962'}
MLP-3007507:  {'MSE': '0.1265', 'RMSE': '0.3557', 'MAE': '0.2528', 'R2': '0.8314', 'train_r2': '0.8792'}
RandomForest-1244832:  {'MSE': '0.3028', 'RMSE': '0.5502', 'MAE': '0.4204', 'R2': '0.5967', 'train_r2': '0.6995'}
MLP-1244832:  {'MSE': '0.2987', 'RMSE': '0.5465', 'MAE': '0.4195', 'R2': '0.6021', 'train_r2': '0.6886'}
RandomForest-4681273:  {'MSE': '0.3132', 'RMSE': '0.5596', 'MAE': '0.4345', 'R2': '0.5828', 'train_r2': '0.6909'}
MLP-4681273:  {'MSE': '0.2560', 'RMSE': '0.5060', 'MAE': '0.3966', 'R2': '0.6589', 'train_r2': '0.7190'}

Test accuracy for 上背温度-3:
RandomForest-3412153:  {'MSE': '3.1539', 'RMSE': '1.7759', 'MAE': '1.3612', 'R2': '0.6524', 'train_r2': '0.6864'}
MLP-3412153:  {'MSE': '1.5350', 'RMSE': '1.2390', 'MAE': '0.9180', 'R2': '0.8308', 'train_r2': '0.8360'}
RandomForest-6197538:  {'MSE': '3.1458', 'RMSE': '1.7736', 'MAE': '1.3598', 'R2': '0.6533', 'train_r2': '0.6859'}
MLP-6197538:  {'MSE': '3.9905', 'RMSE': '1.9976', 'MAE': '1.5597', 'R2': '0.5602', 'train_r2': '0.5855'}
RandomForest-1817838:  {'MSE': '3.1594', 'RMSE': '1.7775', 'MAE': '1.3662', 'R2': '0.6518', 'train_r2': '0.6876'}
MLP-1817838:  {'MSE': '3.4543', 'RMSE': '1.8586', 'MAE': '1.3851', 'R2': '0.6193', 'train_r2': '0.6278'}
RandomForest-8762773:  {'MSE': '3.2098', 'RMSE': '1.7916', 'MAE': '1.3682', 'R2': '0.6463', 'train_r2': '0.6843'}
MLP-8762773:  {'MSE': '4.6836', 'RMSE': '2.1642', 'MAE': '1.6613', 'R2': '0.4838', 'train_r2': '0.4424'}
RandomForest-6732636:  {'MSE': '3.2162', 'RMSE': '1.7934', 'MAE': '1.3678', 'R2': '0.6455', 'train_r2': '0.6841'}
MLP-6732636:  {'MSE': '4.0642', 'RMSE': '2.0160', 'MAE': '1.5463', 'R2': '0.5521', 'train_r2': '0.5725'}
RandomForest-4539728:  {'MSE': '3.2521', 'RMSE': '1.8034', 'MAE': '1.3770', 'R2': '0.6416', 'train_r2': '0.6810'}
MLP-4539728:  {'MSE': '4.2378', 'RMSE': '2.0586', 'MAE': '1.5352', 'R2': '0.5330', 'train_r2': '0.5348'}
RandomForest-890218:  {'MSE': '3.1716', 'RMSE': '1.7809', 'MAE': '1.3619', 'R2': '0.6505', 'train_r2': '0.6877'}
MLP-890218:  {'MSE': '5.4183', 'RMSE': '2.3277', 'MAE': '1.7360', 'R2': '0.4028', 'train_r2': '0.3141'}
RandomForest-617652:  {'MSE': '3.2054', 'RMSE': '1.7904', 'MAE': '1.3699', 'R2': '0.6467', 'train_r2': '0.6846'}
MLP-617652:  {'MSE': '1.3890', 'RMSE': '1.1786', 'MAE': '0.9104', 'R2': '0.8469', 'train_r2': '0.8599'}
RandomForest-776315:  {'MSE': '3.2352', 'RMSE': '1.7987', 'MAE': '1.3809', 'R2': '0.6434', 'train_r2': '0.6768'}
MLP-776315:  {'MSE': '3.7473', 'RMSE': '1.9358', 'MAE': '1.5153', 'R2': '0.5870', 'train_r2': '0.5777'}
RandomForest-960355:  {'MSE': '3.2256', 'RMSE': '1.7960', 'MAE': '1.3750', 'R2': '0.6445', 'train_r2': '0.6817'}
MLP-960355:  {'MSE': '3.9352', 'RMSE': '1.9837', 'MAE': '1.5138', 'R2': '0.5663', 'train_r2': '0.5924'}
RandomForest-144783:  {'MSE': '3.2356', 'RMSE': '1.7988', 'MAE': '1.3791', 'R2': '0.6434', 'train_r2': '0.6850'}
MLP-144783:  {'MSE': '3.6313', 'RMSE': '1.9056', 'MAE': '1.4807', 'R2': '0.5998', 'train_r2': '0.5719'}
RandomForest-3908288:  {'MSE': '3.2202', 'RMSE': '1.7945', 'MAE': '1.3777', 'R2': '0.6451', 'train_r2': '0.6843'}
MLP-3908288:  {'MSE': '3.5169', 'RMSE': '1.8753', 'MAE': '1.4617', 'R2': '0.6124', 'train_r2': '0.6337'}
RandomForest-6465499:  {'MSE': '3.1642', 'RMSE': '1.7788', 'MAE': '1.3664', 'R2': '0.6513', 'train_r2': '0.6855'}
MLP-6465499:  {'MSE': '3.3382', 'RMSE': '1.8271', 'MAE': '1.4193', 'R2': '0.6321', 'train_r2': '0.6286'}
RandomForest-7032723:  {'MSE': '3.1935', 'RMSE': '1.7870', 'MAE': '1.3666', 'R2': '0.6480', 'train_r2': '0.6882'}
MLP-7032723:  {'MSE': '4.4915', 'RMSE': '2.1193', 'MAE': '1.5859', 'R2': '0.5050', 'train_r2': '0.4896'}
RandomForest-8560035:  {'MSE': '3.2244', 'RMSE': '1.7957', 'MAE': '1.3709', 'R2': '0.6446', 'train_r2': '0.6832'}
MLP-8560035:  {'MSE': '5.4475', 'RMSE': '2.3340', 'MAE': '1.7177', 'R2': '0.3996', 'train_r2': '0.3203'}
RandomForest-7726533:  {'MSE': '3.2239', 'RMSE': '1.7955', 'MAE': '1.3672', 'R2': '0.6447', 'train_r2': '0.6848'}
MLP-7726533:  {'MSE': '3.7154', 'RMSE': '1.9275', 'MAE': '1.4689', 'R2': '0.5905', 'train_r2': '0.5754'}
RandomForest-4668308:  {'MSE': '3.1732', 'RMSE': '1.7814', 'MAE': '1.3568', 'R2': '0.6503', 'train_r2': '0.6887'}
MLP-4668308:  {'MSE': '5.3964', 'RMSE': '2.3230', 'MAE': '1.7404', 'R2': '0.4053', 'train_r2': '0.3566'}
RandomForest-6339700:  {'MSE': '3.2292', 'RMSE': '1.7970', 'MAE': '1.3797', 'R2': '0.6441', 'train_r2': '0.6776'}
MLP-6339700:  {'MSE': '1.7868', 'RMSE': '1.3367', 'MAE': '1.0266', 'R2': '0.8031', 'train_r2': '0.8126'}
RandomForest-2105838:  {'MSE': '3.2298', 'RMSE': '1.7972', 'MAE': '1.3746', 'R2': '0.6440', 'train_r2': '0.6805'}
MLP-2105838:  {'MSE': '3.5289', 'RMSE': '1.8785', 'MAE': '1.4331', 'R2': '0.6111', 'train_r2': '0.6432'}
RandomForest-290498:  {'MSE': '3.2153', 'RMSE': '1.7931', 'MAE': '1.3729', 'R2': '0.6456', 'train_r2': '0.6829'}
MLP-290498:  {'MSE': '3.7983', 'RMSE': '1.9489', 'MAE': '1.5518', 'R2': '0.5814', 'train_r2': '0.5695'}

Test accuracy for 臀部温度-4:
RandomForest-5418447:  {'MSE': '3.5166', 'RMSE': '1.8753', 'MAE': '1.4641', 'R2': '0.6262', 'train_r2': '0.7488'}
MLP-5418447:  {'MSE': '2.8203', 'RMSE': '1.6794', 'MAE': '1.2951', 'R2': '0.7002', 'train_r2': '0.7217'}
RandomForest-8482322:  {'MSE': '3.6239', 'RMSE': '1.9036', 'MAE': '1.4756', 'R2': '0.6148', 'train_r2': '0.7392'}
MLP-8482322:  {'MSE': '3.5936', 'RMSE': '1.8957', 'MAE': '1.4945', 'R2': '0.6180', 'train_r2': '0.6638'}
RandomForest-314018:  {'MSE': '3.5791', 'RMSE': '1.8919', 'MAE': '1.4722', 'R2': '0.6196', 'train_r2': '0.7389'}
MLP-314018:  {'MSE': '3.2914', 'RMSE': '1.8142', 'MAE': '1.4372', 'R2': '0.6502', 'train_r2': '0.7166'}
RandomForest-1639417:  {'MSE': '3.5862', 'RMSE': '1.8937', 'MAE': '1.4805', 'R2': '0.6188', 'train_r2': '0.7444'}
MLP-1639417:  {'MSE': '4.7475', 'RMSE': '2.1789', 'MAE': '1.7450', 'R2': '0.4954', 'train_r2': '0.5128'}
RandomForest-8922042:  {'MSE': '3.5779', 'RMSE': '1.8915', 'MAE': '1.4834', 'R2': '0.6197', 'train_r2': '0.7393'}
MLP-8922042:  {'MSE': '3.8180', 'RMSE': '1.9540', 'MAE': '1.5885', 'R2': '0.5942', 'train_r2': '0.6701'}
RandomForest-8107744:  {'MSE': '3.4972', 'RMSE': '1.8701', 'MAE': '1.4539', 'R2': '0.6283', 'train_r2': '0.7461'}
MLP-8107744:  {'MSE': '3.8203', 'RMSE': '1.9546', 'MAE': '1.5693', 'R2': '0.5939', 'train_r2': '0.6512'}
RandomForest-1416867:  {'MSE': '3.4930', 'RMSE': '1.8690', 'MAE': '1.4625', 'R2': '0.6287', 'train_r2': '0.7432'}
MLP-1416867:  {'MSE': '4.2787', 'RMSE': '2.0685', 'MAE': '1.6291', 'R2': '0.5452', 'train_r2': '0.5726'}
RandomForest-3853526:  {'MSE': '3.5710', 'RMSE': '1.8897', 'MAE': '1.4697', 'R2': '0.6204', 'train_r2': '0.7389'}
MLP-3853526:  {'MSE': '4.4731', 'RMSE': '2.1150', 'MAE': '1.6895', 'R2': '0.5245', 'train_r2': '0.5345'}
RandomForest-2412198:  {'MSE': '3.6274', 'RMSE': '1.9046', 'MAE': '1.4853', 'R2': '0.6144', 'train_r2': '0.7385'}
MLP-2412198:  {'MSE': '2.7502', 'RMSE': '1.6584', 'MAE': '1.3480', 'R2': '0.7077', 'train_r2': '0.7614'}
RandomForest-432507:  {'MSE': '3.4646', 'RMSE': '1.8614', 'MAE': '1.4579', 'R2': '0.6317', 'train_r2': '0.7457'}
MLP-432507:  {'MSE': '2.6966', 'RMSE': '1.6421', 'MAE': '1.2483', 'R2': '0.7134', 'train_r2': '0.8011'}
RandomForest-8004490:  {'MSE': '3.5738', 'RMSE': '1.8905', 'MAE': '1.4691', 'R2': '0.6201', 'train_r2': '0.7429'}
MLP-8004490:  {'MSE': '4.6425', 'RMSE': '2.1546', 'MAE': '1.6953', 'R2': '0.5065', 'train_r2': '0.5078'}
RandomForest-8308404:  {'MSE': '3.5419', 'RMSE': '1.8820', 'MAE': '1.4629', 'R2': '0.6235', 'train_r2': '0.7405'}
MLP-8308404:  {'MSE': '3.2719', 'RMSE': '1.8089', 'MAE': '1.4911', 'R2': '0.6522', 'train_r2': '0.7186'}
RandomForest-3587099:  {'MSE': '3.3776', 'RMSE': '1.8378', 'MAE': '1.4375', 'R2': '0.6410', 'train_r2': '0.7445'}
MLP-3587099:  {'MSE': '3.2394', 'RMSE': '1.7998', 'MAE': '1.4164', 'R2': '0.6557', 'train_r2': '0.6748'}
RandomForest-8484703:  {'MSE': '3.6490', 'RMSE': '1.9102', 'MAE': '1.4820', 'R2': '0.6121', 'train_r2': '0.7380'}
MLP-8484703:  {'MSE': '2.9674', 'RMSE': '1.7226', 'MAE': '1.3715', 'R2': '0.6846', 'train_r2': '0.7425'}
RandomForest-138015:  {'MSE': '3.4860', 'RMSE': '1.8671', 'MAE': '1.4578', 'R2': '0.6295', 'train_r2': '0.7429'}
MLP-138015:  {'MSE': '2.3612', 'RMSE': '1.5366', 'MAE': '1.1727', 'R2': '0.7490', 'train_r2': '0.7835'}
RandomForest-1885606:  {'MSE': '3.5632', 'RMSE': '1.8876', 'MAE': '1.4674', 'R2': '0.6213', 'train_r2': '0.7421'}
MLP-1885606:  {'MSE': '2.3197', 'RMSE': '1.5230', 'MAE': '1.1906', 'R2': '0.7534', 'train_r2': '0.7866'}
RandomForest-9295853:  {'MSE': '3.5814', 'RMSE': '1.8924', 'MAE': '1.4761', 'R2': '0.6193', 'train_r2': '0.7411'}
MLP-9295853:  {'MSE': '2.8261', 'RMSE': '1.6811', 'MAE': '1.3210', 'R2': '0.6996', 'train_r2': '0.7709'}
RandomForest-8653100:  {'MSE': '3.5102', 'RMSE': '1.8736', 'MAE': '1.4535', 'R2': '0.6269', 'train_r2': '0.7384'}
MLP-8653100:  {'MSE': '1.2916', 'RMSE': '1.1365', 'MAE': '0.8963', 'R2': '0.8627', 'train_r2': '0.8984'}
RandomForest-411630:  {'MSE': '3.4947', 'RMSE': '1.8694', 'MAE': '1.4586', 'R2': '0.6285', 'train_r2': '0.7439'}
MLP-411630:  {'MSE': '3.5588', 'RMSE': '1.8865', 'MAE': '1.5346', 'R2': '0.6217', 'train_r2': '0.7107'}
RandomForest-376722:  {'MSE': '3.5160', 'RMSE': '1.8751', 'MAE': '1.4649', 'R2': '0.6263', 'train_r2': '0.7452'}
MLP-376722:  {'MSE': '3.1020', 'RMSE': '1.7612', 'MAE': '1.3997', 'R2': '0.6703', 'train_r2': '0.7183'}

Test accuracy for 大腿温度-5:
RandomForest-5315881:  {'MSE': '4.8171', 'RMSE': '2.1948', 'MAE': '1.7302', 'R2': '0.6499', 'train_r2': '0.7179'}
MLP-5315881:  {'MSE': '5.4552', 'RMSE': '2.3356', 'MAE': '1.9203', 'R2': '0.6035', 'train_r2': '0.6620'}
RandomForest-2165430:  {'MSE': '4.7861', 'RMSE': '2.1877', 'MAE': '1.7343', 'R2': '0.6521', 'train_r2': '0.7209'}
MLP-2165430:  {'MSE': '9.4771', 'RMSE': '3.0785', 'MAE': '2.4893', 'R2': '0.3112', 'train_r2': '0.2682'}
RandomForest-8713149:  {'MSE': '4.8001', 'RMSE': '2.1909', 'MAE': '1.7391', 'R2': '0.6511', 'train_r2': '0.7230'}
MLP-8713149:  {'MSE': '5.7510', 'RMSE': '2.3981', 'MAE': '2.0542', 'R2': '0.5820', 'train_r2': '0.5644'}
RandomForest-6543825:  {'MSE': '4.9143', 'RMSE': '2.2168', 'MAE': '1.7455', 'R2': '0.6428', 'train_r2': '0.7146'}
MLP-6543825:  {'MSE': '4.1065', 'RMSE': '2.0265', 'MAE': '1.6074', 'R2': '0.7015', 'train_r2': '0.7451'}
RandomForest-5889308:  {'MSE': '4.8086', 'RMSE': '2.1929', 'MAE': '1.7397', 'R2': '0.6505', 'train_r2': '0.7224'}
MLP-5889308:  {'MSE': '5.8707', 'RMSE': '2.4230', 'MAE': '2.0339', 'R2': '0.5733', 'train_r2': '0.6425'}
RandomForest-8327783:  {'MSE': '4.7788', 'RMSE': '2.1860', 'MAE': '1.7207', 'R2': '0.6527', 'train_r2': '0.7268'}
MLP-8327783:  {'MSE': '4.8750', 'RMSE': '2.2079', 'MAE': '1.7708', 'R2': '0.6457', 'train_r2': '0.7201'}
RandomForest-6751557:  {'MSE': '4.7632', 'RMSE': '2.1825', 'MAE': '1.7330', 'R2': '0.6538', 'train_r2': '0.7214'}
MLP-6751557:  {'MSE': '7.0621', 'RMSE': '2.6575', 'MAE': '2.3034', 'R2': '0.4867', 'train_r2': '0.5293'}
RandomForest-7848478:  {'MSE': '4.8961', 'RMSE': '2.2127', 'MAE': '1.7506', 'R2': '0.6441', 'train_r2': '0.7137'}
MLP-7848478:  {'MSE': '5.4702', 'RMSE': '2.3388', 'MAE': '1.9301', 'R2': '0.6024', 'train_r2': '0.6249'}
RandomForest-6228777:  {'MSE': '4.8104', 'RMSE': '2.1933', 'MAE': '1.7267', 'R2': '0.6504', 'train_r2': '0.7219'}
MLP-6228777:  {'MSE': '6.4782', 'RMSE': '2.5452', 'MAE': '2.1657', 'R2': '0.5291', 'train_r2': '0.6017'}
RandomForest-8732156:  {'MSE': '4.7644', 'RMSE': '2.1827', 'MAE': '1.7388', 'R2': '0.6537', 'train_r2': '0.7225'}
MLP-8732156:  {'MSE': '4.8754', 'RMSE': '2.2080', 'MAE': '1.8039', 'R2': '0.6456', 'train_r2': '0.6642'}
RandomForest-5509846:  {'MSE': '4.7781', 'RMSE': '2.1859', 'MAE': '1.7355', 'R2': '0.6527', 'train_r2': '0.7254'}
MLP-5509846:  {'MSE': '5.8602', 'RMSE': '2.4208', 'MAE': '2.0070', 'R2': '0.5741', 'train_r2': '0.6446'}
RandomForest-106160:  {'MSE': '4.8626', 'RMSE': '2.2051', 'MAE': '1.7501', 'R2': '0.6466', 'train_r2': '0.7209'}
MLP-106160:  {'MSE': '6.0696', 'RMSE': '2.4637', 'MAE': '2.0011', 'R2': '0.5588', 'train_r2': '0.6115'}
RandomForest-6850117:  {'MSE': '4.7137', 'RMSE': '2.1711', 'MAE': '1.7203', 'R2': '0.6574', 'train_r2': '0.7283'}
MLP-6850117:  {'MSE': '5.3664', 'RMSE': '2.3165', 'MAE': '1.9364', 'R2': '0.6100', 'train_r2': '0.6760'}
RandomForest-2461205:  {'MSE': '4.8308', 'RMSE': '2.1979', 'MAE': '1.7482', 'R2': '0.6489', 'train_r2': '0.7197'}
MLP-2461205:  {'MSE': '5.2949', 'RMSE': '2.3011', 'MAE': '1.8886', 'R2': '0.6151', 'train_r2': '0.6670'}
RandomForest-4525233:  {'MSE': '4.7252', 'RMSE': '2.1738', 'MAE': '1.7211', 'R2': '0.6566', 'train_r2': '0.7298'}
MLP-4525233:  {'MSE': '6.7240', 'RMSE': '2.5931', 'MAE': '2.1666', 'R2': '0.5113', 'train_r2': '0.4299'}
RandomForest-4706194:  {'MSE': '4.8279', 'RMSE': '2.1973', 'MAE': '1.7398', 'R2': '0.6491', 'train_r2': '0.7269'}
MLP-4706194:  {'MSE': '5.7552', 'RMSE': '2.3990', 'MAE': '2.0632', 'R2': '0.5817', 'train_r2': '0.6010'}
RandomForest-3815328:  {'MSE': '4.6182', 'RMSE': '2.1490', 'MAE': '1.6998', 'R2': '0.6643', 'train_r2': '0.7297'}
MLP-3815328:  {'MSE': '5.0637', 'RMSE': '2.2503', 'MAE': '1.7943', 'R2': '0.6320', 'train_r2': '0.7078'}
RandomForest-2783661:  {'MSE': '4.7061', 'RMSE': '2.1693', 'MAE': '1.7144', 'R2': '0.6579', 'train_r2': '0.7262'}
MLP-2783661:  {'MSE': '9.3837', 'RMSE': '3.0633', 'MAE': '2.4669', 'R2': '0.3180', 'train_r2': '0.2677'}
RandomForest-4967069:  {'MSE': '4.6679', 'RMSE': '2.1605', 'MAE': '1.7103', 'R2': '0.6607', 'train_r2': '0.7284'}
MLP-4967069:  {'MSE': '5.5455', 'RMSE': '2.3549', 'MAE': '1.9812', 'R2': '0.5969', 'train_r2': '0.5885'}
RandomForest-1469568:  {'MSE': '4.8044', 'RMSE': '2.1919', 'MAE': '1.7378', 'R2': '0.6508', 'train_r2': '0.7171'}
MLP-1469568:  {'MSE': '4.9205', 'RMSE': '2.2182', 'MAE': '1.8224', 'R2': '0.6424', 'train_r2': '0.6600'}
